This is pdfTeX, Version 3.141592653-2.6-1.40.28 (TeX Live 2025/Debian) (preloaded format=pdflatex 2026.6.8)  8 JUN 2026 11:21
entering extended mode
 restricted \write18 enabled.
 %&-line parsing enabled.
**/root/repo_electricas/proyecto_vivienda_unifamiliar_por_RENZO/main.tex
(/root/repo_electricas/proyecto_vivienda_unifamiliar_por_RENZO/main.tex
LaTeX2e <2025-11-01>
L3 programming layer <2026-01-19>
(/usr/share/texlive/texmf-dist/tex/latex/base/report.cls
Document Class: report 2025/01/22 v1.4n Standard LaTeX document class
(/usr/share/texlive/texmf-dist/tex/latex/base/size12.clo
File: size12.clo 2025/01/22 v1.4n Standard LaTeX file (size option)
)
\c@part=\count275
\c@chapter=\count276
\c@section=\count277
\c@subsection=\count278
\c@subsubsection=\count279
\c@paragraph=\count280
\c@subparagraph=\count281
\c@figure=\count282
\c@table=\count283
\abovecaptionskip=\skip49
\belowcaptionskip=\skip50
\bibindent=\dimen148
)
(/usr/share/texlive/texmf-dist/tex/latex/base/inputenc.sty
Package: inputenc 2024/02/08 v1.3d Input encoding file
\inpenc@prehook=\toks17
\inpenc@posthook=\toks18
)
(/usr/share/texlive/texmf-dist/tex/latex/base/fontenc.sty
Package: fontenc 2025/07/18 v2.1d Standard LaTeX package
)
(/usr/share/texlive/texmf-dist/tex/generic/babel/babel.sty
Package: babel 2026/01/18 v26.1 The multilingual framework for LuaLaTeX, pdfLaT
eX and XeLaTeX
\babel@savecnt=\count284
LaTeX Encoding Info:    Redeclaring text command \ij (encoding OT1) on input li
ne 2078.
LaTeX Encoding Info:    Redeclaring text command \IJ (encoding OT1) on input li
ne 2080.
LaTeX Encoding Info:    Redeclaring text command \ij (encoding T1) on input lin
e 2082.
LaTeX Encoding Info:    Redeclaring text command \IJ (encoding T1) on input lin
e 2083.
LaTeX Encoding Info:    Ignoring declaration for text command \ij (encoding ?) 
on input line 2084.
LaTeX Encoding Info:    Ignoring declaration for text command \IJ (encoding ?) 
on input line 2086.
LaTeX Encoding Info:    Ignoring declaration for text command \SS (encoding ?) 
on input line 2111.
\U@D=\dimen149
\l@unhyphenated=\language10

(/usr/share/texlive/texmf-dist/tex/generic/babel/txtbabel.def)
\bbl@readstream=\read2
\bbl@dirlevel=\count285

(/usr/share/texlive/texmf-dist/tex/generic/babel/locale/es/babel-spanish.tex)
Package babel Info: Importing font and identification data for spanish
(babel)             from babel-es.ini. Reported on input line 4330.

(/usr/share/texlive/texmf-dist/tex/generic/babel-spanish/spanish.ldf
Language: spanish.ldf 2021/05/27 v5.0q Spanish support from the babel system
\es@quottoks=\toks19
\es@quotdepth=\count286
Package babel Info: Making " an active character on input line 570.
Package babel Info: Making . an active character on input line 675.
Package babel Info: Making < an active character on input line 722.
Package babel Info: Making > an active character on input line 722.
))
LaTeX Encoding Info:    Redeclaring text command \guillemotleft (encoding OT1) 
on input line 6.
LaTeX Encoding Info:    Redeclaring text command \guillemotright (encoding OT1)
 on input line 6.

(/usr/share/texlive/texmf-dist/tex/latex/geometry/geometry.sty
Package: geometry 2020/01/02 v5.9 Page Geometry

(/usr/share/texlive/texmf-dist/tex/latex/graphics/keyval.sty
Package: keyval 2022/05/29 v1.15 key=value parser (DPC)
\KV@toks@=\toks20
)
(/usr/share/texlive/texmf-dist/tex/generic/iftex/ifvtex.sty
Package: ifvtex 2019/10/25 v1.7 ifvtex legacy package. Use iftex instead.

(/usr/share/texlive/texmf-dist/tex/generic/iftex/iftex.sty
Package: iftex 2024/12/12 v1.0g TeX engine tests
))
\Gm@cnth=\count287
\Gm@cntv=\count288
\c@Gm@tempcnt=\count289
\Gm@bindingoffset=\dimen150
\Gm@wd@mp=\dimen151
\Gm@odd@mp=\dimen152
\Gm@even@mp=\dimen153
\Gm@layoutwidth=\dimen154
\Gm@layoutheight=\dimen155
\Gm@layouthoffset=\dimen156
\Gm@layoutvoffset=\dimen157
\Gm@dimlist=\toks21
)
(/usr/share/texlive/texmf-dist/tex/latex/tools/array.sty
Package: array 2025/09/25 v2.6n Tabular extension package (FMi)
\col@sep=\dimen158
\ar@mcellbox=\box53
\extrarowheight=\dimen159
\NC@list=\toks22
\extratabsurround=\skip51
\backup@length=\skip52
\ar@cellbox=\box54
)
(/usr/share/texlive/texmf-dist/tex/latex/tools/longtable.sty
Package: longtable 2025-10-13 v4.24 Multi-page Table package (DPC)
\LTleft=\skip53
\LTright=\skip54
\LTpre=\skip55
\LTpost=\skip56
\LTchunksize=\count290
\LTcapwidth=\dimen160
\LT@head=\box55
\LT@firsthead=\box56
\LT@foot=\box57
\LT@lastfoot=\box58
\LT@gbox=\box59
\LT@cols=\count291
\LT@rows=\count292
\c@LT@tables=\count293
\c@LT@chunks=\count294
\LT@p@ftn=\toks23
)
(/usr/share/texlive/texmf-dist/tex/latex/tools/tabularx.sty
Package: tabularx 2023/12/11 v2.12a `tabularx' package (DPC)
\TX@col@width=\dimen161
\TX@old@table=\dimen162
\TX@old@col=\dimen163
\TX@target=\dimen164
\TX@delta=\dimen165
\TX@cols=\count295
\TX@ftn=\toks24
)
(/usr/share/texlive/texmf-dist/tex/latex/booktabs/booktabs.sty
Package: booktabs 2020/01/12 v1.61803398 Publication quality tables
\heavyrulewidth=\dimen166
\lightrulewidth=\dimen167
\cmidrulewidth=\dimen168
\belowrulesep=\dimen169
\belowbottomsep=\dimen170
\aboverulesep=\dimen171
\abovetopsep=\dimen172
\cmidrulesep=\dimen173
\cmidrulekern=\dimen174
\defaultaddspace=\dimen175
\@cmidla=\count296
\@cmidlb=\count297
\@aboverulesep=\dimen176
\@belowrulesep=\dimen177
\@thisruleclass=\count298
\@lastruleclass=\count299
\@thisrulewidth=\dimen178
)
(/usr/share/texlive/texmf-dist/tex/latex/graphics/graphicx.sty
Package: graphicx 2024/12/31 v1.2e Enhanced LaTeX Graphics (DPC,SPQR)

(/usr/share/texlive/texmf-dist/tex/latex/graphics/graphics.sty
Package: graphics 2024/08/06 v1.4g Standard LaTeX Graphics (DPC,SPQR)

(/usr/share/texlive/texmf-dist/tex/latex/graphics/trig.sty
Package: trig 2023/12/02 v1.11 sin cos tan (DPC)
)
(/usr/share/texlive/texmf-dist/tex/latex/graphics-cfg/graphics.cfg
File: graphics.cfg 2016/06/04 v1.11 sample graphics configuration
)
Package graphics Info: Driver file: pdftex.def on input line 106.

(/usr/share/texlive/texmf-dist/tex/latex/graphics-def/pdftex.def
File: pdftex.def 2025/09/29 v1.2d Graphics/color driver for pdftex
))
\Gin@req@height=\dimen179
\Gin@req@width=\dimen180
)
(/usr/share/texlive/texmf-dist/tex/latex/eso-pic/eso-pic.sty
Package: eso-pic 2025/12/10 v3.0d eso-pic (RN)
\ESO@tempdima=\dimen181
\ESO@tempdimb=\dimen182

(/usr/share/texlive/texmf-dist/tex/latex/xcolor/xcolor.sty
Package: xcolor 2024/09/29 v3.02 LaTeX color extensions (UK)

(/usr/share/texlive/texmf-dist/tex/latex/graphics-cfg/color.cfg
File: color.cfg 2016/01/02 v1.6 sample color configuration
)
Package xcolor Info: Driver file: pdftex.def on input line 274.

(/usr/share/texlive/texmf-dist/tex/latex/graphics/mathcolor.ltx)
Package xcolor Info: Model `cmy' substituted by `cmy0' on input line 1349.
Package xcolor Info: Model `hsb' substituted by `rgb' on input line 1353.
Package xcolor Info: Model `RGB' extended on input line 1365.
Package xcolor Info: Model `HTML' substituted by `rgb' on input line 1367.
Package xcolor Info: Model `Hsb' substituted by `hsb' on input line 1368.
Package xcolor Info: Model `tHsb' substituted by `hsb' on input line 1369.
Package xcolor Info: Model `HSB' substituted by `hsb' on input line 1370.
Package xcolor Info: Model `Gray' substituted by `gray' on input line 1371.
Package xcolor Info: Model `wave' substituted by `hsb' on input line 1372.
))
(/usr/share/texlive/texmf-dist/tex/latex/ragged2e/ragged2e.sty
Package: ragged2e 2023/06/22 v3.6 ragged2e Package
\CenteringLeftskip=\skip57
\RaggedLeftLeftskip=\skip58
\RaggedRightLeftskip=\skip59
\CenteringRightskip=\skip60
\RaggedLeftRightskip=\skip61
\RaggedRightRightskip=\skip62
\CenteringParfillskip=\skip63
\RaggedLeftParfillskip=\skip64
\RaggedRightParfillskip=\skip65
\JustifyingParfillskip=\skip66
\CenteringParindent=\skip67
\RaggedLeftParindent=\skip68
\RaggedRightParindent=\skip69
\JustifyingParindent=\skip70
)
(/usr/share/texlive/texmf-dist/tex/latex/float/float.sty
Package: float 2001/11/08 v1.3d Float enhancements (AL)
\c@float@type=\count300
\float@exts=\toks25
\float@box=\box60
\@float@everytoks=\toks26
\@floatcapt=\box61
)
(/usr/share/texlive/texmf-dist/tex/latex/pdflscape/pdflscape.sty
Package: pdflscape 2025-06-23 v0.14 Display of landscape pages in PDF

(/usr/share/texlive/texmf-dist/tex/latex/pdflscape/pdflscape-nometadata.sty
Package: pdflscape-nometadata 2025-06-23 v0.14 Display of landscape pages in PD
F (HO)

(/usr/share/texlive/texmf-dist/tex/latex/graphics/lscape.sty
Package: lscape 2020/05/28 v3.02 Landscape Pages (DPC)
)
Package pdflscape Info: Auto-detected driver: pdftex on input line 81.
))
(/usr/share/texlive/texmf-dist/tex/latex/hyperref/hyperref.sty
Package: hyperref 2025-07-12 v7.01o Hypertext links for LaTeX

(/usr/share/texlive/texmf-dist/tex/latex/kvsetkeys/kvsetkeys.sty
Package: kvsetkeys 2022-10-05 v1.19 Key value parser (HO)
)
(/usr/share/texlive/texmf-dist/tex/generic/kvdefinekeys/kvdefinekeys.sty
Package: kvdefinekeys 2019-12-19 v1.6 Define keys (HO)
)
(/usr/share/texlive/texmf-dist/tex/generic/pdfescape/pdfescape.sty
Package: pdfescape 2019/12/09 v1.15 Implements pdfTeX's escape features (HO)

(/usr/share/texlive/texmf-dist/tex/generic/ltxcmds/ltxcmds.sty
Package: ltxcmds 2023-12-04 v1.26 LaTeX kernel commands for general use (HO)
)
(/usr/share/texlive/texmf-dist/tex/generic/pdftexcmds/pdftexcmds.sty
Package: pdftexcmds 2020-06-27 v0.33 Utility functions of pdfTeX for LuaTeX (HO
)

(/usr/share/texlive/texmf-dist/tex/generic/infwarerr/infwarerr.sty
Package: infwarerr 2019/12/03 v1.5 Providing info/warning/error messages (HO)
)
Package pdftexcmds Info: \pdf@primitive is available.
Package pdftexcmds Info: \pdf@ifprimitive is available.
Package pdftexcmds Info: \pdfdraftmode found.
))
(/usr/share/texlive/texmf-dist/tex/latex/hycolor/hycolor.sty
Package: hycolor 2020-01-27 v1.10 Color options for hyperref/bookmark (HO)
)
(/usr/share/texlive/texmf-dist/tex/latex/hyperref/nameref.sty
Package: nameref 2025-06-21 v2.57 Cross-referencing by name of section

(/usr/share/texlive/texmf-dist/tex/latex/refcount/refcount.sty
Package: refcount 2019/12/15 v3.6 Data extraction from label references (HO)
)
(/usr/share/texlive/texmf-dist/tex/generic/gettitlestring/gettitlestring.sty
Package: gettitlestring 2019/12/15 v1.6 Cleanup title references (HO)

(/usr/share/texlive/texmf-dist/tex/latex/kvoptions/kvoptions.sty
Package: kvoptions 2022-06-15 v3.15 Key value format for package options (HO)
))
\c@section@level=\count301
)
(/usr/share/texlive/texmf-dist/tex/latex/etoolbox/etoolbox.sty
Package: etoolbox 2025/10/02 v2.5m e-TeX tools for LaTeX (JAW)
\etb@tempcnta=\count302
)
(/usr/share/texlive/texmf-dist/tex/generic/stringenc/stringenc.sty
Package: stringenc 2019/11/29 v1.12 Convert strings between diff. encodings (HO
)
)
\@linkdim=\dimen183
\Hy@linkcounter=\count303
\Hy@pagecounter=\count304

(/usr/share/texlive/texmf-dist/tex/latex/hyperref/pd1enc.def
File: pd1enc.def 2025-07-12 v7.01o Hyperref: PDFDocEncoding definition (HO)
Now handling font encoding PD1 ...
... no UTF-8 mapping file for font encoding PD1
)
(/usr/share/texlive/texmf-dist/tex/generic/intcalc/intcalc.sty
Package: intcalc 2019/12/15 v1.3 Expandable calculations with integers (HO)
)
\Hy@SavedSpaceFactor=\count305

(/usr/share/texlive/texmf-dist/tex/latex/hyperref/puenc.def
File: puenc.def 2025-07-12 v7.01o Hyperref: PDF Unicode definition (HO)
Now handling font encoding PU ...
... no UTF-8 mapping file for font encoding PU
)
Package hyperref Info: Hyper figures OFF on input line 4195.
Package hyperref Info: Link nesting OFF on input line 4200.
Package hyperref Info: Hyper index ON on input line 4203.
Package hyperref Info: Plain pages OFF on input line 4210.
Package hyperref Info: Backreferencing OFF on input line 4215.
Package hyperref Info: Implicit mode ON; LaTeX internals redefined.
Package hyperref Info: Bookmarks ON on input line 4462.
\c@Hy@tempcnt=\count306

(/usr/share/texlive/texmf-dist/tex/latex/url/url.sty
\Urlmuskip=\muskip17
Package: url 2013/09/16  ver 3.4  Verb mode for urls, etc.
)
LaTeX Info: Redefining \url on input line 4801.
\XeTeXLinkMargin=\dimen184

(/usr/share/texlive/texmf-dist/tex/generic/bitset/bitset.sty
Package: bitset 2019/12/09 v1.3 Handle bit-vector datatype (HO)

(/usr/share/texlive/texmf-dist/tex/generic/bigintcalc/bigintcalc.sty
Package: bigintcalc 2019/12/15 v1.5 Expandable calculations on big integers (HO
)
))
\Fld@menulength=\count307
\Field@Width=\dimen185
\Fld@charsize=\dimen186
Package hyperref Info: Hyper figures OFF on input line 6078.
Package hyperref Info: Link nesting OFF on input line 6083.
Package hyperref Info: Hyper index ON on input line 6086.
Package hyperref Info: backreferencing OFF on input line 6093.
Package hyperref Info: Link coloring OFF on input line 6098.
Package hyperref Info: Link coloring with OCG OFF on input line 6103.
Package hyperref Info: PDF/A mode OFF on input line 6108.
\Hy@abspage=\count308
\c@Item=\count309
\c@Hfootnote=\count310
)
Package hyperref Info: Driver (autodetected): hpdftex.

(/usr/share/texlive/texmf-dist/tex/latex/hyperref/hpdftex.def
File: hpdftex.def 2025-07-12 v7.01o Hyperref driver for pdfTeX
\Fld@listcount=\count311
\c@bookmark@seq@number=\count312

(/usr/share/texlive/texmf-dist/tex/latex/rerunfilecheck/rerunfilecheck.sty
Package: rerunfilecheck 2025-06-21 v1.11 Rerun checks for auxiliary files (HO)

(/usr/share/texlive/texmf-dist/tex/generic/uniquecounter/uniquecounter.sty
Package: uniquecounter 2019/12/15 v1.4 Provide unlimited unique counter (HO)
)
Package uniquecounter Info: New unique counter `rerunfilecheck' on input line 2
84.
)
\Hy@SectionHShift=\skip71
)
(/usr/share/texlive/texmf-dist/tex/latex/enumitem/enumitem.sty
Package: enumitem 2025/02/06 v3.11 Customized lists
\labelindent=\skip72
\enit@outerparindent=\dimen187
\enit@toks=\toks27
\enit@inbox=\box62
\enit@count@id=\count313
\enitdp@description=\count314
)
(/usr/share/texlive/texmf-dist/tex/latex/amsmath/amsmath.sty
Package: amsmath 2025/07/09 v2.17z AMS math features
\@mathmargin=\skip73

For additional information on amsmath, use the `?' option.
(/usr/share/texlive/texmf-dist/tex/latex/amsmath/amstext.sty
Package: amstext 2024/11/17 v2.01 AMS text

(/usr/share/texlive/texmf-dist/tex/latex/amsmath/amsgen.sty
File: amsgen.sty 1999/11/30 v2.0 generic functions
\@emptytoks=\toks28
\ex@=\dimen188
))
(/usr/share/texlive/texmf-dist/tex/latex/amsmath/amsbsy.sty
Package: amsbsy 1999/11/29 v1.2d Bold Symbols
\pmbraise@=\dimen189
)
(/usr/share/texlive/texmf-dist/tex/latex/amsmath/amsopn.sty
Package: amsopn 2022/04/08 v2.04 operator names
)
\inf@bad=\count315
LaTeX Info: Redefining \frac on input line 233.
\uproot@=\count316
\leftroot@=\count317
LaTeX Info: Redefining \overline on input line 398.
LaTeX Info: Redefining \colon on input line 409.
\classnum@=\count318
\DOTSCASE@=\count319
LaTeX Info: Redefining \ldots on input line 495.
LaTeX Info: Redefining \dots on input line 498.
LaTeX Info: Redefining \cdots on input line 619.
\Mathstrutbox@=\box63
\strutbox@=\box64
LaTeX Info: Redefining \big on input line 721.
LaTeX Info: Redefining \Big on input line 722.
LaTeX Info: Redefining \bigg on input line 723.
LaTeX Info: Redefining \Bigg on input line 724.
\big@size=\dimen190
LaTeX Font Info:    Redeclaring font encoding OML on input line 742.
LaTeX Font Info:    Redeclaring font encoding OMS on input line 743.
\macc@depth=\count320
LaTeX Info: Redefining \bmod on input line 904.
LaTeX Info: Redefining \pmod on input line 909.
LaTeX Info: Redefining \smash on input line 939.
LaTeX Info: Redefining \relbar on input line 969.
LaTeX Info: Redefining \Relbar on input line 970.
\c@MaxMatrixCols=\count321
\dotsspace@=\muskip18
\c@parentequation=\count322
\dspbrk@lvl=\count323
\tag@help=\toks29
\row@=\count324
\column@=\count325
\maxfields@=\count326
\andhelp@=\toks30
\eqnshift@=\dimen191
\alignsep@=\dimen192
\tagshift@=\dimen193
\tagwidth@=\dimen194
\totwidth@=\dimen195
\lineht@=\dimen196
\@envbody=\toks31
\multlinegap=\skip74
\multlinetaggap=\skip75
\mathdisplay@stack=\toks32
LaTeX Info: Redefining \[ on input line 2950.
LaTeX Info: Redefining \] on input line 2951.
)
(/usr/share/texlive/texmf-dist/tex/latex/siunitx/siunitx.sty
Package: siunitx 2025-07-09 v3.4.14 A comprehensive (SI) units package
\l__siunitx_number_uncert_offset_int=\count327
\l__siunitx_number_exponent_fixed_int=\count328
\l__siunitx_number_min_decimal_int=\count329
\l__siunitx_number_min_integer_int=\count330
\l__siunitx_number_round_precision_int=\count331
\l__siunitx_number_lower_threshold_int=\count332
\l__siunitx_number_upper_threshold_int=\count333
\l__siunitx_number_group_first_int=\count334
\l__siunitx_number_group_size_int=\count335
\l__siunitx_number_group_minimum_int=\count336
\l__siunitx_angle_tmp_dim=\dimen197
\l__siunitx_angle_marker_box=\box65
\l__siunitx_angle_unit_box=\box66
\l__siunitx_compound_count_int=\count337

(/usr/share/texlive/texmf-dist/tex/latex/translations/translations.sty
Package: translations 2022/02/05 v1.12 internationalization of LaTeX2e packages
 (CN)
)
\l__siunitx_table_tmp_box=\box67
\l__siunitx_table_tmp_dim=\dimen198
\l__siunitx_table_column_width_dim=\dimen199
\l__siunitx_table_integer_box=\box68
\l__siunitx_table_decimal_box=\box69
\l__siunitx_table_uncert_box=\box70
\l__siunitx_table_before_box=\box71
\l__siunitx_table_after_box=\box72
\l__siunitx_table_before_dim=\dimen256
\l__siunitx_table_carry_dim=\dimen257
\l__siunitx_unit_tmp_int=\count338
\l__siunitx_unit_position_int=\count339
\l__siunitx_unit_total_int=\count340
)
(/usr/share/texlive/texmf-dist/tex/latex/fancyhdr/fancyhdr.sty
Package: fancyhdr 2025/02/07 v5.2 Extensive control of page headers and footers

\f@nch@headwidth=\skip76
\f@nch@offset@elh=\skip77
\f@nch@offset@erh=\skip78
\f@nch@offset@olh=\skip79
\f@nch@offset@orh=\skip80
\f@nch@offset@elf=\skip81
\f@nch@offset@erf=\skip82
\f@nch@offset@olf=\skip83
\f@nch@offset@orf=\skip84
\f@nch@height=\skip85
\f@nch@footalignment=\skip86
\f@nch@widthL=\skip87
\f@nch@widthC=\skip88
\f@nch@widthR=\skip89
\@temptokenb=\toks33
)
(/usr/share/texlive/texmf-dist/tex/latex/titlesec/titlesec.sty
Package: titlesec 2025/01/04 v2.17 Sectioning titles
\ttl@box=\box73
\beforetitleunit=\skip90
\aftertitleunit=\skip91
\ttl@plus=\dimen258
\ttl@minus=\dimen259
\ttl@toksa=\toks34
\titlewidth=\dimen260
\titlewidthlast=\dimen261
\titlewidthfirst=\dimen262
)
(/usr/share/texlive/texmf-dist/tex/latex/psnfss/helvet.sty
Package: helvet 2020/03/25 PSNFSS-v9.3 (WaS) 
)
Package hyperref Info: Option `colorlinks' set `true' on input line 42.
LaTeX Font Info:    Trying to load font information for T1+phv on input line 11
3.

(/usr/share/texlive/texmf-dist/tex/latex/psnfss/t1phv.fd
File: t1phv.fd 2020/03/25 scalable font definitions for T1/phv.
)
(/usr/share/texlive/texmf-dist/tex/latex/l3backend/l3backend-pdftex.def
File: l3backend-pdftex.def 2025-10-09 L3 backend support: PDF output (pdfTeX)
\l__color_backend_stack_int=\count341
)
(/root/repo_electricas/proyecto_vivienda_unifamiliar_por_RENZO/main.aux
LaTeX Info: Redefining \. on input line 11.
LaTeX Info: Redefining \% on input line 11.
Package babel Info: 'spanish' activates 'spanish' shorthands.
(babel)             Reported on input line 11.
)
\openout1 = `main.aux'.

LaTeX Font Info:    Checking defaults for OML/cmm/m/it on input line 113.
LaTeX Font Info:    ... okay on input line 113.
LaTeX Font Info:    Checking defaults for OMS/cmsy/m/n on input line 113.
LaTeX Font Info:    ... okay on input line 113.
LaTeX Font Info:    Checking defaults for OT1/cmr/m/n on input line 113.
LaTeX Font Info:    ... okay on input line 113.
LaTeX Font Info:    Checking defaults for T1/cmr/m/n on input line 113.
LaTeX Font Info:    ... okay on input line 113.
LaTeX Font Info:    Checking defaults for TS1/cmr/m/n on input line 113.
LaTeX Font Info:    ... okay on input line 113.
LaTeX Font Info:    Checking defaults for OMX/cmex/m/n on input line 113.
LaTeX Font Info:    ... okay on input line 113.
LaTeX Font Info:    Checking defaults for U/cmr/m/n on input line 113.
LaTeX Font Info:    ... okay on input line 113.
LaTeX Font Info:    Checking defaults for PD1/pdf/m/n on input line 113.
LaTeX Font Info:    ... okay on input line 113.
LaTeX Font Info:    Checking defaults for PU/pdf/m/n on input line 113.
LaTeX Font Info:    ... okay on input line 113.
LaTeX Info: Redefining \. on input line 113.
LaTeX Info: Redefining \% on input line 113.

*geometry* driver: auto-detecting
*geometry* detected driver: pdftex
*geometry* verbose mode - [ preamble ] result:
* driver: pdftex
* paper: a4paper
* layout: <same size as paper>
* layoutoffset:(h,v)=(0.0pt,0.0pt)
* modes: 
* h-part:(L,W,R)=(85.35826pt, 441.01773pt, 71.13188pt)
* v-part:(T,H,B)=(71.13188pt, 702.78308pt, 71.13188pt)
* \paperwidth=597.50787pt
* \paperheight=845.04684pt
* \textwidth=441.01773pt
* \textheight=702.78308pt
* \oddsidemargin=13.08827pt
* \evensidemargin=13.08827pt
* \topmargin=-38.1381pt
* \headheight=15.0pt
* \headsep=25.0pt
* \topskip=12.0pt
* \footskip=30.0pt
* \marginparwidth=35.0pt
* \marginparsep=10.0pt
* \columnsep=10.0pt
* \skip\footins=10.8pt plus 4.0pt minus 2.0pt
* \hoffset=0.0pt
* \voffset=0.0pt
* \mag=1000
* \@twocolumnfalse
* \@twosidefalse
* \@mparswitchfalse
* \@reversemarginfalse
* (1in=72.27pt=25.4mm, 1cm=28.453pt)

(/usr/share/texlive/texmf-dist/tex/context/base/mkii/supp-pdf.mkii
[Loading MPS to PDF converter (version 2006.09.02).]
\scratchcounter=\count342
\scratchdimen=\dimen263
\scratchbox=\box74
\nofMPsegments=\count343
\nofMParguments=\count344
\everyMPshowfont=\toks35
\MPscratchCnt=\count345
\MPscratchDim=\dimen264
\MPnumerator=\count346
\makeMPintoPDFobject=\count347
\everyMPtoPDFconversion=\toks36
) (/usr/share/texlive/texmf-dist/tex/latex/epstopdf-pkg/epstopdf-base.sty
Package: epstopdf-base 2020-01-24 v2.11 Base part for package epstopdf

(/usr/share/texlive/texmf-dist/tex/latex/grfext/grfext.sty
Package: grfext 2019/12/03 v1.3 Manage graphics extensions (HO)
)
Package epstopdf-base Info: Redefining graphics rule for `.eps' on input line 4
85.
Package grfext Info: Graphics extension search list:
(grfext)             [.pdf,.png,.jpg,.mps,.jpeg,.jbig2,.jb2,.PDF,.PNG,.JPG,.JPE
G,.JBIG2,.JB2,.eps]
(grfext)             \AppendGraphicsExtensions on input line 504.

(/usr/share/texlive/texmf-dist/tex/latex/latexconfig/epstopdf-sys.cfg
File: epstopdf-sys.cfg 2010/07/13 v1.3 Configuration of (r)epstopdf for TeX Liv
e
))
Package hyperref Info: Link coloring ON on input line 113.

(/root/repo_electricas/proyecto_vivienda_unifamiliar_por_RENZO/main.out)
(/root/repo_electricas/proyecto_vivienda_unifamiliar_por_RENZO/main.out)
\@outlinefile=\write3
\openout3 = `main.out'.


(/usr/share/texlive/texmf-dist/tex/latex/translations/translations-basic-dictio
nary-spanish.trsl
File: translations-basic-dictionary-spanish.trsl (spanish translation file `tra
nslations-basic-dictionary')
)
Package translations Info: loading dictionary `translations-basic-dictionary' f
or `spanish'. on input line 113.

(/root/repo_electricas/proyecto_vivienda_unifamiliar_por_RENZO/capitulos/00-por
tada.tex
LaTeX Font Info:    Trying to load font information for TS1+phv on input line 2
9.
 (/usr/share/texlive/texmf-dist/tex/latex/psnfss/ts1phv.fd
File: ts1phv.fd 2020/03/25 scalable font definitions for TS1/phv.
)
<capitulos/FONDO DE MI PROYECTO.pdf, id=321, 597.73312pt x 845.40843pt>
File: capitulos/FONDO DE MI PROYECTO.pdf Graphic file (type pdf)
<use capitulos/FONDO DE MI PROYECTO.pdf>
Package pdftex.def Info: capitulos/FONDO DE MI PROYECTO.pdf  used on input line
 43.
(pdftex.def)             Requested size: 597.54924pt x 845.07095pt.
 [1

{/var/lib/texmf/fonts/map/pdftex/updmap/pdftex.map}{/usr/share/texlive/texmf-di
st/fonts/enc/dvips/base/8r.enc} </root/repo_electricas/proyecto_vivienda_unifam
iliar_por_RENZO/capitulos/FONDO DE MI PROYECTO.pdf>])
(/root/repo_electricas/proyecto_vivienda_unifamiliar_por_RENZO/capitulos/01-mem
oria-descriptiva.tex
Cap\'{\i }tulo 1.

Underfull \hbox (badness 4084) in paragraph at lines 1--1
 []\T1/phv/b/n/20.74 MEMORIA DESCRIPTIVA 
 []


pdfTeX warning (ext4): destination with the same identifier (name{page.1}) has 
been already used, duplicate ignored
<to be read again> 
                   \relax 
l.1 \chapter{MEMORIA DESCRIPTIVA}
                                  [1

]
<figuras/plano_catastral.png, id=352, 751.30687pt x 527.72156pt>
File: figuras/plano_catastral.png Graphic file (type png)
<use figuras/plano_catastral.png>
Package pdftex.def Info: figuras/plano_catastral.png  used on input line 40.
(pdftex.def)             Requested size: 374.86775pt x 263.31258pt.
 [2

]
<figuras/ubicacion_satelital.png, id=359, 363.60844pt x 475.02469pt>
File: figuras/ubicacion_satelital.png Graphic file (type png)
<use figuras/ubicacion_satelital.png>
Package pdftex.def Info: figuras/ubicacion_satelital.png  used on input line 47
.
(pdftex.def)             Requested size: 374.86775pt x 489.75201pt.
 [3 </root/repo_electricas/proyecto_vivienda_unifamiliar_por_RENZO/figuras/plan
o_catastral.png>] [4 </root/repo_electricas/proyecto_vivienda_unifamiliar_por_R
ENZO/figuras/ubicacion_satelital.png>]
Overfull \hbox (1.31592pt too wide) in paragraph at lines 110--110
[]|\T1/phv/b/n/10.95 Circuito|  
 []

[5] [6])
(/root/repo_electricas/proyecto_vivienda_unifamiliar_por_RENZO/capitulos/02-cal
culos-justificativos.tex [7]
Cap\'{\i }tulo 2.

Underfull \hbox (badness 1590) in paragraph at lines 1--1
 []\T1/phv/b/n/20.74 CALCULOS JUSTIFICATIVOS 
 []

[8

]
Overfull \hbox (6.61925pt too wide) in paragraph at lines 57--57
[]|\T1/phv/m/n/10.95 Tomacorrientes 
 []


Overfull \hbox (6.61925pt too wide) in paragraph at lines 57--57
[]|\T1/phv/m/n/10.95 Tomacorrientes 
 []


Overfull \hbox (6.61925pt too wide) in paragraph at lines 57--57
[]|\T1/phv/m/n/10.95 Tomacorrientes 
 []

[9

]
Overfull \hbox (15.73213pt too wide) in paragraph at lines 79--79
[]|\T1/phv/b/n/10.95 Observaci¾n|  
 []


Overfull \hbox (18.94041pt too wide) in paragraph at lines 79--79
[]|\T1/phv/m/n/10.95 Tomacorriente 
 []


Overfull \hbox (18.94041pt too wide) in paragraph at lines 79--79
[]|\T1/phv/m/n/10.95 Tomacorriente 
 []


Overfull \hbox (18.94041pt too wide) in paragraph at lines 79--79
[]|\T1/phv/m/n/10.95 Tomacorriente 
 []

[10] [11] [12])
(/root/repo_electricas/proyecto_vivienda_unifamiliar_por_RENZO/capitulos/03-esp
ecificaciones-materiales.tex [13]
Cap\'{\i }tulo 3.
[14

] [15

] [16

] [17

] [18] [19

])
(/root/repo_electricas/proyecto_vivienda_unifamiliar_por_RENZO/capitulos/04-esp
ecificaciones-montaje.tex
Cap\'{\i }tulo 4.

Underfull \hbox (badness 8000) in paragraph at lines 1--1
 []\T1/phv/b/n/20.74 ESPECIFICACIONES 
 []


Underfull \hbox (badness 3930) in paragraph at lines 1--1
 \T1/phv/b/n/20.74 TECNICAS DE MONTAJE 
 []

[20


] [21

])
(/root/repo_electricas/proyecto_vivienda_unifamiliar_por_RENZO/capitulos/05-cro
nograma.tex [22]
Cap\'{\i }tulo 5.

Underfull \hbox (badness 10000) in paragraph at lines 1--1
 []\T1/phv/b/n/20.74 CRONOGRAMA 
 []

[23

]
Underfull \hbox (badness 10000) in paragraph at lines 24--24
[]|\T1/phv/m/n/12 Responsables de
 []

)
(/root/repo_electricas/proyecto_vivienda_unifamiliar_por_RENZO/capitulos/06-met
rado.tex [24

]
Cap\'{\i }tulo 6.

Underfull \hbox (badness 10000) in paragraph at lines 1--1
 []\T1/phv/b/n/20.74 METRADO 
 []

[25

] [26

]

Package tabularx Warning: X Columns too narrow (table too wide)
(tabularx)                 on input line 51.


Overfull \hbox (55.27481pt too wide) in paragraph at lines 51--51
[]|\T1/phv/b/n/10.95 Observacion|  
 []


Overfull \hbox (42.49628pt too wide) in paragraph at lines 51--51
[]|\T1/phv/m/n/10.95 Empotrada 
 []


Overfull \hbox (1.22624pt too wide) in paragraph at lines 51--51
\T1/phv/m/n/10.95 en 
 []


Overfull \hbox (1.21529pt too wide) in paragraph at lines 51--51
\T1/phv/m/n/10.95 lo- 
 []


Overfull \hbox (0.61311pt too wide) in paragraph at lines 51--51
\T1/phv/m/n/10.95 sa 
 []


Overfull \hbox (1.22624pt too wide) in paragraph at lines 51--51
\T1/phv/m/n/10.95 de 
 []


Overfull \hbox (1.82841pt too wide) in paragraph at lines 51--51
\T1/phv/m/n/10.95 te- 
 []


Overfull \hbox (6.70123pt too wide) in paragraph at lines 51--51
\T1/phv/m/n/10.95 cho|  
 []


Overfull \hbox (42.49628pt too wide) in paragraph at lines 51--51
[]|\T1/phv/m/n/10.95 Empotrada 
 []


Overfull \hbox (1.22624pt too wide) in paragraph at lines 51--51
\T1/phv/m/n/10.95 en 
 []


Overfull \hbox (10.34753pt too wide) in paragraph at lines 51--51
\T1/phv/m/n/10.95 con- 
 []


Overfull \hbox (5.36523pt too wide) in paragraph at lines 51--51
\T1/phv/m/n/10.95 tra- 
 []


Overfull \hbox (1.21529pt too wide) in paragraph at lines 51--51
\T1/phv/m/n/10.95 pi- 
 []


Overfull \hbox (0.61311pt too wide) in paragraph at lines 51--51
\T1/phv/m/n/10.95 so 
 []


Overfull \hbox (7.79625pt too wide) in paragraph at lines 51--51
\T1/phv/m/n/10.95 mu- 
 []


Overfull \hbox (4.25941pt too wide) in paragraph at lines 51--51
\T1/phv/m/n/10.95 ros|  
 []


Overfull \hbox (20.6952pt too wide) in paragraph at lines 51--51
[]|\T1/phv/m/n/10.95 Desde 
 []


Overfull \hbox (7.90573pt too wide) in paragraph at lines 51--51
\T1/phv/m/n/10.95 me- 
 []


Overfull \hbox (1.21529pt too wide) in paragraph at lines 51--51
\T1/phv/m/n/10.95 di- 
 []


Overfull \hbox (4.87254pt too wide) in paragraph at lines 51--51
\T1/phv/m/n/10.95 dor 
 []


Overfull \hbox (4.25941pt too wide) in paragraph at lines 51--51
\T1/phv/m/n/10.95 TG 
 []


Overfull \hbox (10.34753pt too wide) in paragraph at lines 51--51
\T1/phv/m/n/10.95 sub- 
 []


Overfull \hbox (1.82841pt too wide) in paragraph at lines 51--51
\T1/phv/m/n/10.95 ta- 
 []


Overfull \hbox (7.08446pt too wide) in paragraph at lines 51--51
\T1/phv/m/n/10.95 ble- 
 []


Overfull \hbox (4.25941pt too wide) in paragraph at lines 51--51
\T1/phv/m/n/10.95 ros|  
 []


Overfull \hbox (22.29205pt too wide) in alignment at lines 51--51
[][][][][][][] 
 []

[27

] [28

]

Package tabularx Warning: X Columns too narrow (table too wide)
(tabularx)                 on input line 78.


Overfull \hbox (55.27481pt too wide) in paragraph at lines 78--78
[]|\T1/phv/b/n/10.95 Observacion|  
 []


Overfull \hbox (35.69649pt too wide) in paragraph at lines 78--78
[]|\T1/phv/m/n/10.95 Cableado 
 []


Overfull \hbox (7.3034pt too wide) in paragraph at lines 78--78
\T1/phv/m/n/10.95 uni- 
 []


Overfull \hbox (4.87254pt too wide) in paragraph at lines 78--78
\T1/phv/m/n/10.95 po- 
 []


Overfull \hbox (1.21529pt too wide) in paragraph at lines 78--78
\T1/phv/m/n/10.95 lar|  
 []


Overfull \hbox (35.69649pt too wide) in paragraph at lines 78--78
[]|\T1/phv/m/n/10.95 Cableado 
 []


Overfull \hbox (7.3034pt too wide) in paragraph at lines 78--78
\T1/phv/m/n/10.95 uni- 
 []


Overfull \hbox (4.87254pt too wide) in paragraph at lines 78--78
\T1/phv/m/n/10.95 po- 
 []


Overfull \hbox (1.21529pt too wide) in paragraph at lines 78--78
\T1/phv/m/n/10.95 lar|  
 []


Overfull \hbox (20.70604pt too wide) in paragraph at lines 78--78
[]|\T1/phv/m/n/10.95 Segun 
 []


Overfull \hbox (15.81157pt too wide) in paragraph at lines 78--78
\T1/phv/m/n/10.95 CNE- 
 []


Overfull \hbox (35.69649pt too wide) in paragraph at lines 78--78
[]|\T1/phv/m/n/10.95 Cableado 
 []


Overfull \hbox (7.3034pt too wide) in paragraph at lines 78--78
\T1/phv/m/n/10.95 uni- 
 []


Overfull \hbox (4.87254pt too wide) in paragraph at lines 78--78
\T1/phv/m/n/10.95 po- 
 []


Overfull \hbox (1.21529pt too wide) in paragraph at lines 78--78
\T1/phv/m/n/10.95 lar|  
 []


Overfull \hbox (35.69649pt too wide) in paragraph at lines 78--78
[]|\T1/phv/m/n/10.95 Cableado 
 []


Overfull \hbox (7.3034pt too wide) in paragraph at lines 78--78
\T1/phv/m/n/10.95 uni- 
 []


Overfull \hbox (4.87254pt too wide) in paragraph at lines 78--78
\T1/phv/m/n/10.95 po- 
 []


Overfull \hbox (1.21529pt too wide) in paragraph at lines 78--78
\T1/phv/m/n/10.95 lar|  
 []


Overfull \hbox (35.69649pt too wide) in paragraph at lines 78--78
[]|\T1/phv/m/n/10.95 Cableado 
 []


Overfull \hbox (7.3034pt too wide) in paragraph at lines 78--78
\T1/phv/m/n/10.95 uni- 
 []


Overfull \hbox (4.87254pt too wide) in paragraph at lines 78--78
\T1/phv/m/n/10.95 po- 
 []


Overfull \hbox (1.21529pt too wide) in paragraph at lines 78--78
\T1/phv/m/n/10.95 lar|  
 []


Overfull \hbox (35.69649pt too wide) in paragraph at lines 78--78
[]|\T1/phv/m/n/10.95 Cableado 
 []


Overfull \hbox (7.3034pt too wide) in paragraph at lines 78--78
\T1/phv/m/n/10.95 uni- 
 []


Overfull \hbox (4.87254pt too wide) in paragraph at lines 78--78
\T1/phv/m/n/10.95 po- 
 []


Overfull \hbox (1.21529pt too wide) in paragraph at lines 78--78
\T1/phv/m/n/10.95 lar|  
 []


Overfull \hbox (35.69649pt too wide) in paragraph at lines 78--78
[]|\T1/phv/m/n/10.95 Cableado 
 []


Overfull \hbox (7.3034pt too wide) in paragraph at lines 78--78
\T1/phv/m/n/10.95 uni- 
 []


Overfull \hbox (4.87254pt too wide) in paragraph at lines 78--78
\T1/phv/m/n/10.95 po- 
 []


Overfull \hbox (1.21529pt too wide) in paragraph at lines 78--78
\T1/phv/m/n/10.95 lar|  
 []


Overfull \hbox (23.1369pt too wide) in paragraph at lines 78--78
[]|\T1/phv/m/n/10.95 Puesta 
 []


Overfull \hbox (4.25928pt too wide) in paragraph at lines 78--78
\T1/phv/m/n/10.95 tie- 
 []


Overfull \hbox (2.32124pt too wide) in paragraph at lines 78--78
\T1/phv/m/n/10.95 rra|  
 []


Overfull \hbox (26.1591pt too wide) in paragraph at lines 78--78
[]|\T1/phv/m/n/10.95 Circuito 
 []


Overfull \hbox (4.87254pt too wide) in paragraph at lines 78--78
\T1/phv/m/n/10.95 de- 
 []


Overfull \hbox (1.21529pt too wide) in paragraph at lines 78--78
\T1/phv/m/n/10.95 di- 
 []


Overfull \hbox (4.25941pt too wide) in paragraph at lines 78--78
\T1/phv/m/n/10.95 ca- 
 []


Overfull \hbox (1.22624pt too wide) in paragraph at lines 78--78
\T1/phv/m/n/10.95 do|  
 []


Overfull \hbox (88.78018pt too wide) in alignment at lines 78--78
[][][][][][][][] 
 []

[29

]
Overfull \vbox (149.69235pt too high) has occurred while \output is active []


[30]
Overfull \hbox (14.35182pt too wide) in paragraph at lines 100--100
[]|\T1/phv/b/n/10.95 Observacion|  
 []


Overfull \hbox (10.36574pt too wide) in paragraph at lines 100--100
[]|\T1/phv/m/n/10.95 Interruptores 
 []


Overfull \hbox (23.0351pt too wide) in paragraph at lines 100--100
[]|\T1/phv/m/n/10.95 Tomacorrientes 
 []

[31


]
Overfull \hbox (1.51198pt too wide) in paragraph at lines 147--147
[]|\T1/phv/m/n/10.95 Alimentador|  
 []

[32

] [33

]

Package tabularx Warning: X Columns too narrow (table too wide)
(tabularx)                 on input line 211.


Overfull \hbox (30.28754pt too wide) in paragraph at lines 211--211
[]|\T1/phv/b/n/6 Observacion|  
 []


Overfull \hbox (22.94963pt too wide) in paragraph at lines 211--211
[]|\T1/phv/m/n/6 Alumbrado 
 []


Overfull \hbox (4.3319pt too wide) in paragraph at lines 211--211
\T1/phv/m/n/6 em- 
 []


Overfull \hbox (2.66988pt too wide) in paragraph at lines 211--211
\T1/phv/m/n/6 po- 
 []


Overfull \hbox (2.93983pt too wide) in paragraph at lines 211--211
\T1/phv/m/n/6 tra- 
 []


Overfull \hbox (0.6719pt too wide) in paragraph at lines 211--211
\T1/phv/m/n/6 do 
 []


Overfull \hbox (0.6719pt too wide) in paragraph at lines 211--211
\T1/phv/m/n/6 en 
 []


Overfull \hbox (1.00186pt too wide) in paragraph at lines 211--211
\T1/phv/m/n/6 te- 
 []


Overfull \hbox (3.6719pt too wide) in paragraph at lines 211--211
\T1/phv/m/n/6 cho|  
 []


Overfull \hbox (35.04549pt too wide) in paragraph at lines 211--211
[]|\T1/phv/m/n/6 Tomacorrientes 
 []


Overfull \hbox (4.3319pt too wide) in paragraph at lines 211--211
\T1/phv/m/n/6 em- 
 []


Overfull \hbox (2.66988pt too wide) in paragraph at lines 211--211
\T1/phv/m/n/6 po- 
 []


Overfull \hbox (2.93983pt too wide) in paragraph at lines 211--211
\T1/phv/m/n/6 tra- 
 []


Overfull \hbox (0.6719pt too wide) in paragraph at lines 211--211
\T1/phv/m/n/6 do 
 []


Overfull \hbox (0.6719pt too wide) in paragraph at lines 211--211
\T1/phv/m/n/6 en 
 []


Overfull \hbox (4.2719pt too wide) in paragraph at lines 211--211
\T1/phv/m/n/6 mu- 
 []


Overfull \hbox (26.00954pt too wide) in paragraph at lines 211--211
[]|\T1/phv/m/n/6 Alimentador 
 []


Overfull \hbox (2.66988pt too wide) in paragraph at lines 211--211
\T1/phv/m/n/6 ge- 
 []


Overfull \hbox (2.66988pt too wide) in paragraph at lines 211--211
\T1/phv/m/n/6 ne- 
 []


Overfull \hbox (0.6059pt too wide) in paragraph at lines 211--211
\T1/phv/m/n/6 ral|  
 []


Overfull \hbox (39.05945pt too wide) in paragraph at lines 211--211
[]|\T1/phv/m/n/6 Fase+neutro+PE 
 []


Overfull \hbox (8.99982pt too wide) in paragraph at lines 211--211
\T1/phv/m/n/6 alum- 
 []


Overfull \hbox (4.60785pt too wide) in paragraph at lines 211--211
\T1/phv/m/n/6 bra- 
 []


Overfull \hbox (0.6719pt too wide) in paragraph at lines 211--211
\T1/phv/m/n/6 do|  
 []


Overfull \hbox (39.05945pt too wide) in paragraph at lines 211--211
[]|\T1/phv/m/n/6 Fase+neutro+PE 
 []


Overfull \hbox (1.00186pt too wide) in paragraph at lines 211--211
\T1/phv/m/n/6 to- 
 []


Overfull \hbox (4.3319pt too wide) in paragraph at lines 211--211
\T1/phv/m/n/6 ma- 
 []


Overfull \hbox (2.33392pt too wide) in paragraph at lines 211--211
\T1/phv/m/n/6 co- 
 []


Overfull \hbox (8.08772pt too wide) in paragraph at lines 211--211
\T1/phv/m/n/6 rrien- 
 []


Overfull \hbox (2.00389pt too wide) in paragraph at lines 211--211
\T1/phv/m/n/6 tes|  
 []


Overfull \hbox (26.00954pt too wide) in paragraph at lines 211--211
[]|\T1/phv/m/n/6 Alimentador 
 []


Overfull \hbox (2.66988pt too wide) in paragraph at lines 211--211
\T1/phv/m/n/6 ge- 
 []


Overfull \hbox (2.66988pt too wide) in paragraph at lines 211--211
\T1/phv/m/n/6 ne- 
 []


Overfull \hbox (0.6059pt too wide) in paragraph at lines 211--211
\T1/phv/m/n/6 ral|  
 []


Overfull \hbox (12.67775pt too wide) in paragraph at lines 211--211
[]|\T1/phv/m/n/6 Puesta 
 []


Overfull \hbox (2.33383pt too wide) in paragraph at lines 211--211
\T1/phv/m/n/6 tie- 
 []


Overfull \hbox (1.2719pt too wide) in paragraph at lines 211--211
\T1/phv/m/n/6 rra|  
 []


Overfull \hbox (23.42958pt too wide) in paragraph at lines 211--211
[]|\T1/phv/m/n/6 Luminarias|  
 []


Overfull \hbox (28.10338pt too wide) in paragraph at lines 211--211
[]|\T1/phv/m/n/6 Interruptores 
 []


Overfull \hbox (1.00186pt too wide) in paragraph at lines 211--211
\T1/phv/m/n/6 to- 
 []


Overfull \hbox (4.3319pt too wide) in paragraph at lines 211--211
\T1/phv/m/n/6 ma- 
 []


Overfull \hbox (2.33392pt too wide) in paragraph at lines 211--211
\T1/phv/m/n/6 co- 
 []


Overfull \hbox (8.08772pt too wide) in paragraph at lines 211--211
\T1/phv/m/n/6 rrien- 
 []


Overfull \hbox (2.00389pt too wide) in paragraph at lines 211--211
\T1/phv/m/n/6 tes|  
 []


Overfull \hbox (28.61357pt too wide) in paragraph at lines 211--211
[]|\T1/phv/m/n/6 Derivaciones|  
 []


Overfull \hbox (11.75372pt too wide) in paragraph at lines 211--211
[]|\T1/phv/m/n/6 Primer 
 []


Overfull \hbox (0.6659pt too wide) in paragraph at lines 211--211
\T1/phv/m/n/6 pi- 
 []


Overfull \hbox (18.01767pt too wide) in paragraph at lines 211--211
[]|\T1/phv/m/n/6 Segundo 
 []


Overfull \hbox (0.6659pt too wide) in paragraph at lines 211--211
\T1/phv/m/n/6 pi- 
 []


Overfull \hbox (10.61386pt too wide) in paragraph at lines 211--211
[]|\T1/phv/m/n/6 Tercer 
 []


Overfull \hbox (0.6659pt too wide) in paragraph at lines 211--211
\T1/phv/m/n/6 pi- 
 []


Overfull \hbox (22.94963pt too wide) in paragraph at lines 211--211
[]|\T1/phv/m/n/6 Alumbrado|  
 []


Overfull \hbox (20.27975pt too wide) in paragraph at lines 211--211
[]|\T1/phv/m/n/6 Escaleras|  
 []


Overfull \hbox (13.00778pt too wide) in paragraph at lines 211--211
[]|\T1/phv/m/n/6 Bomba|  
 []


Overfull \hbox (4.66792pt too wide) in paragraph at lines 211--211
[]|\T1/phv/m/n/6 Uso 
 []


Overfull \hbox (2.66988pt too wide) in paragraph at lines 211--211
\T1/phv/m/n/6 ge- 
 []


Overfull \hbox (2.66988pt too wide) in paragraph at lines 211--211
\T1/phv/m/n/6 ne- 
 []


Overfull \hbox (0.6059pt too wide) in paragraph at lines 211--211
\T1/phv/m/n/6 ral|  
 []


Overfull \hbox (11.00981pt too wide) in paragraph at lines 211--211
[]|\T1/phv/m/n/6 Banos|  
 []


Overfull \hbox (23.50156pt too wide) in paragraph at lines 211--211
[]|\T1/phv/m/n/6 Lavanderia 
 []


Overfull \hbox (7.66785pt too wide) in paragraph at lines 211--211
\T1/phv/m/n/6 bom- 
 []


Overfull \hbox (0.6719pt too wide) in paragraph at lines 211--211
\T1/phv/m/n/6 ba|  
 []


Overfull \hbox (22.94963pt too wide) in paragraph at lines 211--211
[]|\T1/phv/m/n/6 Alumbrado|  
 []


Overfull \hbox (35.04549pt too wide) in paragraph at lines 211--211
[]|\T1/phv/m/n/6 Tomacorrientes|  
 []


Overfull \hbox (12.6718pt too wide) in paragraph at lines 211--211
[]|\T1/phv/m/n/6 Cocina|  
 []


Overfull \hbox (15.2817pt too wide) in paragraph at lines 211--211
[]|\T1/phv/m/n/6 General 
 []


Overfull \hbox (2.33392pt too wide) in paragraph at lines 211--211
\T1/phv/m/n/6 TG|  
 []


Overfull \hbox (22.34364pt too wide) in paragraph at lines 211--211
[]|\T1/phv/m/n/6 Proteccion 
 []


Overfull \hbox (2.66988pt too wide) in paragraph at lines 211--211
\T1/phv/m/n/6 ge- 
 []


Overfull \hbox (2.66988pt too wide) in paragraph at lines 211--211
\T1/phv/m/n/6 ne- 
 []


Overfull \hbox (0.6059pt too wide) in paragraph at lines 211--211
\T1/phv/m/n/6 ral|  
 []


Overfull \hbox (24.34158pt too wide) in paragraph at lines 211--211
[]|\T1/phv/m/n/6 Iluminacion 
 []


Overfull \hbox (0.6659pt too wide) in paragraph at lines 211--211
\T1/phv/m/n/6 in- 
 []


Overfull \hbox (1.00186pt too wide) in paragraph at lines 211--211
\T1/phv/m/n/6 te- 
 []


Overfull \hbox (2.7538pt too wide) in paragraph at lines 211--211
\T1/phv/m/n/6 rior|  
 []


Overfull \hbox (12.88779pt too wide) in paragraph at lines 211--211
[]|\T1/phv/m/n/6 Incluye 
 []


Overfull \hbox (2.18391pt too wide) in paragraph at lines 211--211
\T1/phv/m/n/6 va- 
 []


Overfull \hbox (1.66783pt too wide) in paragraph at lines 211--211
\T1/phv/m/n/6 lla, 
 []


Overfull \hbox (2.33392pt too wide) in paragraph at lines 211--211
\T1/phv/m/n/6 co- 
 []


Overfull \hbox (5.66988pt too wide) in paragraph at lines 211--211
\T1/phv/m/n/6 nec- 
 []


Overfull \hbox (2.3698pt too wide) in paragraph at lines 211--211
\T1/phv/m/n/6 tor, 
 []


Overfull \hbox (2.33392pt too wide) in paragraph at lines 211--211
\T1/phv/m/n/6 ca- 
 []


Overfull \hbox (39.07816pt too wide) in alignment at lines 211--211
[][][][][][][] 
 []

[34

]
Overfull \vbox (231.5163pt too high) has occurred while \output is active []


[35])
(/root/repo_electricas/proyecto_vivienda_unifamiliar_por_RENZO/capitulos/07-pla
nos.tex [36

]
Cap\'{\i }tulo 7.
[37

] [38

]
Overfull \hbox (4.15222pt too wide) in paragraph at lines 22--23
[]|\T1/phv/m/n/12 Entregado|  
 []


Overfull \hbox (4.15222pt too wide) in paragraph at lines 23--24
[]|\T1/phv/m/n/12 Entregado|  
 []


Overfull \hbox (4.15222pt too wide) in paragraph at lines 24--25
[]|\T1/phv/m/n/12 Entregado|  
 []


Overfull \hbox (4.15222pt too wide) in paragraph at lines 25--26
[]|\T1/phv/m/n/12 Entregado|  
 []


Overfull \hbox (4.15222pt too wide) in paragraph at lines 26--27
[]|\T1/phv/m/n/12 Entregado|  
 []


Overfull \hbox (4.15222pt too wide) in paragraph at lines 27--28
[]|\T1/phv/m/n/12 Entregado|  
 []


Overfull \hbox (4.15222pt too wide) in paragraph at lines 28--29
[]|\T1/phv/m/n/12 Entregado|  
 []

[39

] [40

]

LaTeX Warning: File `planos/primer-piso.pdf' not found on input line 42.


! Package pdftex.def Error: File `planos/primer-piso.pdf' not found: using draf
t setting.

See the pdftex.def package documentation for explanation.
Type  H <return>  for immediate help.
 ...                                              
                                                  
l.42 ...t,keepaspectratio]{planos/primer-piso.pdf}
                                                  
Try typing  <return>  to proceed.
If that doesn't work, type  X <return>  to quit.

[41

]

LaTeX Warning: File `planos/segundo-piso.pdf' not found on input line 51.


! Package pdftex.def Error: File `planos/segundo-piso.pdf' not found: using dra
ft setting.

See the pdftex.def package documentation for explanation.
Type  H <return>  for immediate help.
 ...                                              
                                                  
l.51 ...,keepaspectratio]{planos/segundo-piso.pdf}
                                                  
Try typing  <return>  to proceed.
If that doesn't work, type  X <return>  to quit.

[42


]

LaTeX Warning: File `planos/tercer-piso.pdf' not found on input line 60.


! Package pdftex.def Error: File `planos/tercer-piso.pdf' not found: using draf
t setting.

See the pdftex.def package documentation for explanation.
Type  H <return>  for immediate help.
 ...                                              
                                                  
l.60 ...t,keepaspectratio]{planos/tercer-piso.pdf}
                                                  
Try typing  <return>  to proceed.
If that doesn't work, type  X <return>  to quit.

[43


] [44

]

LaTeX Warning: File `planos/IE-02-alumbrado.pdf' not found on input line 74.


! Package pdftex.def Error: File `planos/IE-02-alumbrado.pdf' not found: using 
draft setting.

See the pdftex.def package documentation for explanation.
Type  H <return>  for immediate help.
 ...                                              
                                                  
l.74 ...epaspectratio]{planos/IE-02-alumbrado.pdf}
                                                  
Try typing  <return>  to proceed.
If that doesn't work, type  X <return>  to quit.

[45

] [46

]

LaTeX Warning: File `planos/IE-03-tomacorrientes.pdf' not found on input line 8
7.


! Package pdftex.def Error: File `planos/IE-03-tomacorrientes.pdf' not found: u
sing draft setting.

See the pdftex.def package documentation for explanation.
Type  H <return>  for immediate help.
 ...                                              
                                                  
l.87 ...ectratio]{planos/IE-03-tomacorrientes.pdf}
                                                  
Try typing  <return>  to proceed.
If that doesn't work, type  X <return>  to quit.

[47

] [48

]

LaTeX Warning: File `planos/IE-04-circuitos-canalizaciones.pdf' not found on in
put line 100.


! Package pdftex.def Error: File `planos/IE-04-circuitos-canalizaciones.pdf' no
t found: using draft setting.

See the pdftex.def package documentation for explanation.
Type  H <return>  for immediate help.
 ...                                              
                                                  
l.100 ...lanos/IE-04-circuitos-canalizaciones.pdf}
                                                  
Try typing  <return>  to proceed.
If that doesn't work, type  X <return>  to quit.

[49

] [50

]

LaTeX Warning: File `planos/IE-05-unifilar-cuadro-cargas.pdf' not found on inpu
t line 113.


! Package pdftex.def Error: File `planos/IE-05-unifilar-cuadro-cargas.pdf' not 
found: using draft setting.

See the pdftex.def package documentation for explanation.
Type  H <return>  for immediate help.
 ...                                              
                                                  
l.113 ...{planos/IE-05-unifilar-cuadro-cargas.pdf}
                                                  
Try typing  <return>  to proceed.
If that doesn't work, type  X <return>  to quit.

[51

] [52

]

LaTeX Warning: File `planos/IE-06-puesta-tierra.pdf' not found on input line 12
6.


! Package pdftex.def Error: File `planos/IE-06-puesta-tierra.pdf' not found: us
ing draft setting.

See the pdftex.def package documentation for explanation.
Type  H <return>  for immediate help.
 ...                                              
                                                  
l.126 ...ectratio]{planos/IE-06-puesta-tierra.pdf}
                                                  
Try typing  <return>  to proceed.
If that doesn't work, type  X <return>  to quit.

[53

] [54

]

LaTeX Warning: File `planos/IE-07-simbologia-detalles.pdf' not found on input l
ine 139.


! Package pdftex.def Error: File `planos/IE-07-simbologia-detalles.pdf' not fou
nd: using draft setting.

See the pdftex.def package documentation for explanation.
Type  H <return>  for immediate help.
 ...                                              
                                                  
l.139 ...io]{planos/IE-07-simbologia-detalles.pdf}
                                                  
Try typing  <return>  to proceed.
If that doesn't work, type  X <return>  to quit.

[55

])
(/root/repo_electricas/proyecto_vivienda_unifamiliar_por_RENZO/capitulos/08-ane
xos.tex [56

]
Cap\'{\i }tulo 8.

Underfull \hbox (badness 10000) in paragraph at lines 1--1
 \T1/phv/b/n/20.74 Y BIBLIOGRAFIA 
 []

[57

]
LaTeX Font Info:    Font shape `T1/phv/m/it' in size <12> not available
(Font)              Font shape `T1/phv/m/sl' tried instead on input line 27.
 [58

])
(/root/repo_electricas/proyecto_vivienda_unifamiliar_por_RENZO/capitulos/09-pre
supuesto.tex [59]
Cap\'{\i }tulo 9.

Underfull \hbox (badness 2343) in paragraph at lines 1--1
 []\T1/phv/b/n/20.74 PRESUPUESTO ESTIMADO 
 []

[60

] [61

]

Package tabularx Warning: X Columns too narrow (table too wide)
(tabularx)                 on input line 62.


Overfull \hbox (50.47934pt too wide) in paragraph at lines 62--62
[]|\T1/phv/b/n/10 Observacion|  
 []


Overfull \hbox (22.8496pt too wide) in paragraph at lines 62--62
[]|\T1/phv/m/n/10 Tuberia 
 []


Overfull \hbox (12.22974pt too wide) in paragraph at lines 62--62
\T1/phv/m/n/10 SEL- 
 []


Overfull \hbox (2.5399pt too wide) in paragraph at lines 62--62
\T1/phv/m/n/10 VA 
 []


Overfull \hbox (0.54993pt too wide) in paragraph at lines 62--62
\T1/phv/m/n/10 si- 
 []


Overfull \hbox (3.87988pt too wide) in paragraph at lines 62--62
\T1/phv/m/n/10 mi- 
 []


Overfull \hbox (1.10986pt too wide) in paragraph at lines 62--62
\T1/phv/m/n/10 lar|  
 []


Overfull \hbox (22.8496pt too wide) in paragraph at lines 62--62
[]|\T1/phv/m/n/10 Tuberia 
 []


Overfull \hbox (12.22974pt too wide) in paragraph at lines 62--62
\T1/phv/m/n/10 SEL- 
 []


Overfull \hbox (2.5399pt too wide) in paragraph at lines 62--62
\T1/phv/m/n/10 VA 
 []


Overfull \hbox (0.54993pt too wide) in paragraph at lines 62--62
\T1/phv/m/n/10 si- 
 []


Overfull \hbox (3.87988pt too wide) in paragraph at lines 62--62
\T1/phv/m/n/10 mi- 
 []


Overfull \hbox (1.10986pt too wide) in paragraph at lines 62--62
\T1/phv/m/n/10 lar|  
 []


Overfull \hbox (22.8496pt too wide) in paragraph at lines 62--62
[]|\T1/phv/m/n/10 Tuberia 
 []


Overfull \hbox (12.22974pt too wide) in paragraph at lines 62--62
\T1/phv/m/n/10 SEL- 
 []


Overfull \hbox (2.5399pt too wide) in paragraph at lines 62--62
\T1/phv/m/n/10 VA 
 []


Overfull \hbox (0.54993pt too wide) in paragraph at lines 62--62
\T1/phv/m/n/10 si- 
 []


Overfull \hbox (3.87988pt too wide) in paragraph at lines 62--62
\T1/phv/m/n/10 mi- 
 []


Overfull \hbox (1.10986pt too wide) in paragraph at lines 62--62
\T1/phv/m/n/10 lar|  
 []


Overfull \hbox (15.9198pt too wide) in paragraph at lines 62--62
[]|\T1/phv/m/n/10 Cable 
 []


Overfull \hbox (6.6698pt too wide) in paragraph at lines 62--62
\T1/phv/m/n/10 uni- 
 []


Overfull \hbox (4.44983pt too wide) in paragraph at lines 62--62
\T1/phv/m/n/10 po- 
 []


Overfull \hbox (1.10986pt too wide) in paragraph at lines 62--62
\T1/phv/m/n/10 lar 
 []


Overfull \hbox (3.8899pt too wide) in paragraph at lines 62--62
\T1/phv/m/n/10 co- 
 []


Overfull \hbox (4.44983pt too wide) in paragraph at lines 62--62
\T1/phv/m/n/10 bre|  
 []


Overfull \hbox (15.9198pt too wide) in paragraph at lines 62--62
[]|\T1/phv/m/n/10 Cable 
 []


Overfull \hbox (6.6698pt too wide) in paragraph at lines 62--62
\T1/phv/m/n/10 uni- 
 []


Overfull \hbox (4.44983pt too wide) in paragraph at lines 62--62
\T1/phv/m/n/10 po- 
 []


Overfull \hbox (1.10986pt too wide) in paragraph at lines 62--62
\T1/phv/m/n/10 lar 
 []


Overfull \hbox (3.8899pt too wide) in paragraph at lines 62--62
\T1/phv/m/n/10 co- 
 []


Overfull \hbox (4.44983pt too wide) in paragraph at lines 62--62
\T1/phv/m/n/10 bre|  
 []


Overfull \hbox (15.9198pt too wide) in paragraph at lines 62--62
[]|\T1/phv/m/n/10 Cable 
 []


Overfull \hbox (6.6698pt too wide) in paragraph at lines 62--62
\T1/phv/m/n/10 uni- 
 []


Overfull \hbox (4.44983pt too wide) in paragraph at lines 62--62
\T1/phv/m/n/10 po- 
 []


Overfull \hbox (1.10986pt too wide) in paragraph at lines 62--62
\T1/phv/m/n/10 lar 
 []


Overfull \hbox (3.8899pt too wide) in paragraph at lines 62--62
\T1/phv/m/n/10 co- 
 []


Overfull \hbox (4.44983pt too wide) in paragraph at lines 62--62
\T1/phv/m/n/10 bre|  
 []


Overfull \hbox (21.12962pt too wide) in paragraph at lines 62--62
[]|\T1/phv/m/n/10 Puesta 
 []


Overfull \hbox (3.88976pt too wide) in paragraph at lines 62--62
\T1/phv/m/n/10 tie- 
 []


Overfull \hbox (2.11986pt too wide) in paragraph at lines 62--62
\T1/phv/m/n/10 rra|  
 []


Overfull \hbox (32.78954pt too wide) in paragraph at lines 62--62
[]|\T1/phv/m/n/10 Completo 
 []


Overfull \hbox (6.11987pt too wide) in paragraph at lines 62--62
\T1/phv/m/n/10 con 
 []


Overfull \hbox (4.44983pt too wide) in paragraph at lines 62--62
\T1/phv/m/n/10 ba- 
 []


Overfull \hbox (2.11986pt too wide) in paragraph at lines 62--62
\T1/phv/m/n/10 rra 
 []


Overfull \hbox (6.10985pt too wide) in paragraph at lines 62--62
\T1/phv/m/n/10 N/T 
 []


Overfull \hbox (13.33972pt too wide) in paragraph at lines 62--62
\T1/phv/m/n/10 puer- 
 []


Overfull \hbox (32.78954pt too wide) in paragraph at lines 62--62
[]|\T1/phv/m/n/10 Completo 
 []


Overfull \hbox (6.11987pt too wide) in paragraph at lines 62--62
\T1/phv/m/n/10 con 
 []


Overfull \hbox (4.44983pt too wide) in paragraph at lines 62--62
\T1/phv/m/n/10 ba- 
 []


Overfull \hbox (2.11986pt too wide) in paragraph at lines 62--62
\T1/phv/m/n/10 rra 
 []


Overfull \hbox (6.10985pt too wide) in paragraph at lines 62--62
\T1/phv/m/n/10 N/T 
 []


Overfull \hbox (13.33972pt too wide) in paragraph at lines 62--62
\T1/phv/m/n/10 puer- 
 []


Overfull \hbox (32.78954pt too wide) in paragraph at lines 62--62
[]|\T1/phv/m/n/10 Completo 
 []


Overfull \hbox (6.11987pt too wide) in paragraph at lines 62--62
\T1/phv/m/n/10 con 
 []


Overfull \hbox (4.44983pt too wide) in paragraph at lines 62--62
\T1/phv/m/n/10 ba- 
 []


Overfull \hbox (2.11986pt too wide) in paragraph at lines 62--62
\T1/phv/m/n/10 rra 
 []


Overfull \hbox (6.10985pt too wide) in paragraph at lines 62--62
\T1/phv/m/n/10 N/T 
 []


Overfull \hbox (13.33972pt too wide) in paragraph at lines 62--62
\T1/phv/m/n/10 puer- 
 []


Overfull \hbox (13.88977pt too wide) in paragraph at lines 62--62
[]|\T1/phv/m/n/10 Color 
 []


Overfull \hbox (12.02979pt too wide) in paragraph at lines 62--62
\T1/phv/m/n/10 blan- 
 []


Overfull \hbox (0.55994pt too wide) in paragraph at lines 62--62
\T1/phv/m/n/10 co|  
 []


Overfull \hbox (13.88977pt too wide) in paragraph at lines 62--62
[]|\T1/phv/m/n/10 Color 
 []


Overfull \hbox (12.02979pt too wide) in paragraph at lines 62--62
\T1/phv/m/n/10 blan- 
 []


Overfull \hbox (0.55994pt too wide) in paragraph at lines 62--62
\T1/phv/m/n/10 co|  
 []


Overfull \hbox (1.11987pt too wide) in paragraph at lines 62--62
[]|\T1/phv/m/n/10 15 
 []


Overfull \hbox (6.67981pt too wide) in paragraph at lines 62--62
\T1/phv/m/n/10 250 
 []


Overfull \hbox (37.23949pt too wide) in paragraph at lines 62--62
[]|\T1/phv/m/n/10 Proteccion 
 []


Overfull \hbox (1.10986pt too wide) in paragraph at lines 62--62
\T1/phv/m/n/10 di- 
 []


Overfull \hbox (1.36984pt too wide) in paragraph at lines 62--62
\T1/phv/m/n/10 fe- 
 []


Overfull \hbox (7.77979pt too wide) in paragraph at lines 62--62
\T1/phv/m/n/10 ren- 
 []


Overfull \hbox (4.99988pt too wide) in paragraph at lines 62--62
\T1/phv/m/n/10 cial 
 []


Overfull \hbox (1.10986pt too wide) in paragraph at lines 62--62
\T1/phv/m/n/10 in- 
 []


Overfull \hbox (1.66978pt too wide) in paragraph at lines 62--62
\T1/phv/m/n/10 te- 
 []


Overfull \hbox (7.5798pt too wide) in paragraph at lines 62--62
\T1/phv/m/n/10 gra- 
 []


Overfull \hbox (1.11987pt too wide) in paragraph at lines 62--62
\T1/phv/m/n/10 da|  
 []


Overfull \hbox (1.11987pt too wide) in paragraph at lines 62--62
[]|\T1/phv/m/n/10 20 
 []


Overfull \hbox (6.67981pt too wide) in paragraph at lines 62--62
\T1/phv/m/n/10 250 
 []


Overfull \hbox (16.71973pt too wide) in paragraph at lines 62--62
[]|\T1/phv/m/n/10 Curva 
 []


Overfull \hbox (16.71973pt too wide) in paragraph at lines 62--62
[]|\T1/phv/m/n/10 Curva 
 []


Overfull \hbox (16.71973pt too wide) in paragraph at lines 62--62
[]|\T1/phv/m/n/10 Curva 
 []


Overfull \hbox (16.71973pt too wide) in paragraph at lines 62--62
[]|\T1/phv/m/n/10 Curva 
 []


Overfull \hbox (37.23949pt too wide) in paragraph at lines 62--62
[]|\T1/phv/m/n/10 Proteccion 
 []


Overfull \hbox (1.11987pt too wide) in paragraph at lines 62--62
\T1/phv/m/n/10 de 
 []


Overfull \hbox (7.77979pt too wide) in paragraph at lines 62--62
\T1/phv/m/n/10 per- 
 []


Overfull \hbox (3.8899pt too wide) in paragraph at lines 62--62
\T1/phv/m/n/10 so- 
 []


Overfull \hbox (6.11987pt too wide) in paragraph at lines 62--62
\T1/phv/m/n/10 nas|  
 []


Overfull \hbox (15.16978pt too wide) in paragraph at lines 62--62
[]|\T1/phv/m/n/10 Panel 
 []


Overfull \hbox (9.44983pt too wide) in paragraph at lines 62--62
\T1/phv/m/n/10 LED 
 []


Overfull \hbox (3.87988pt too wide) in paragraph at lines 62--62
\T1/phv/m/n/10 cir- 
 []


Overfull \hbox (3.8899pt too wide) in paragraph at lines 62--62
\T1/phv/m/n/10 cu- 
 []


Overfull \hbox (1.10986pt too wide) in paragraph at lines 62--62
\T1/phv/m/n/10 lar 
 []


Overfull \hbox (7.21985pt too wide) in paragraph at lines 62--62
\T1/phv/m/n/10 rec- 
 []


Overfull \hbox (7.22972pt too wide) in paragraph at lines 62--62
\T1/phv/m/n/10 tan- 
 []


Overfull \hbox (4.44983pt too wide) in paragraph at lines 62--62
\T1/phv/m/n/10 gu- 
 []


Overfull \hbox (1.10986pt too wide) in paragraph at lines 62--62
\T1/phv/m/n/10 lar|  
 []


Overfull \hbox (17.2296pt too wide) in paragraph at lines 62--62
[]|\T1/phv/m/n/10 Varilla 
 []


Overfull \hbox (12.44969pt too wide) in paragraph at lines 62--62
\T1/phv/m/n/10 5/8"x 
 []


Overfull \hbox (9.4597pt too wide) in paragraph at lines 62--62
\T1/phv/m/n/10 2.40 
 []


Overfull \hbox (3.8899pt too wide) in paragraph at lines 62--62
\T1/phv/m/n/10 ac- 
 []


Overfull \hbox (3.8899pt too wide) in paragraph at lines 62--62
\T1/phv/m/n/10 ce- 
 []


Overfull \hbox (3.8899pt too wide) in paragraph at lines 62--62
\T1/phv/m/n/10 so- 
 []


Overfull \hbox (6.25975pt too wide) in paragraph at lines 62--62
\T1/phv/m/n/10 rios|  
 []


Overfull \hbox (39.04955pt too wide) in paragraph at lines 62--62
[]|\T1/phv/m/n/10 Accesorios 
 []


Overfull \hbox (1.11987pt too wide) in paragraph at lines 62--62
\T1/phv/m/n/10 de 
 []


Overfull \hbox (6.10986pt too wide) in paragraph at lines 62--62
\T1/phv/m/n/10 ins- 
 []


Overfull \hbox (1.66978pt too wide) in paragraph at lines 62--62
\T1/phv/m/n/10 ta- 
 []


Overfull \hbox (1.10986pt too wide) in paragraph at lines 62--62
\T1/phv/m/n/10 la- 
 []


Overfull \hbox (8.33984pt too wide) in paragraph at lines 62--62
\T1/phv/m/n/10 cion|  
 []


Overfull \hbox (26.35635pt too wide) in alignment at lines 62--62
[][][][][][][] 
 []

[62

]
Overfull \vbox (1212.36832pt too high) has occurred while \output is active []


[63] [64


]
Overfull \hbox (49.11385pt too wide) in alignment at lines 139--139
[][][][][][][] 
 []

[65

]
Overfull \vbox (539.6201pt too high) has occurred while \output is active []


[66]
Underfull \hbox (badness 10000) in paragraph at lines 175--175
 []||
 []


Underfull \hbox (badness 10000) in paragraph at lines 175--175
 []||
 []


Underfull \hbox (badness 10000) in paragraph at lines 175--175
 []||
 []


Underfull \hbox (badness 1072) in paragraph at lines 175--175
 []|\T1/phv/m/n/10.95 237.50|
 []


Underfull \hbox (badness 10000) in paragraph at lines 175--175
 []||
 []


Underfull \hbox (badness 10000) in paragraph at lines 175--175
 []||
 []


Underfull \hbox (badness 1072) in paragraph at lines 175--175
 []|\T1/phv/m/n/10.95 636.00|
 []


Underfull \hbox (badness 10000) in paragraph at lines 175--175
 []||
 []


Underfull \hbox (badness 1072) in paragraph at lines 175--175
 []|\T1/phv/m/n/10.95 542.00|
 []


Underfull \hbox (badness 10000) in paragraph at lines 175--175
 []||
 []


Underfull \hbox (badness 1072) in paragraph at lines 175--175
 []|\T1/phv/m/n/10.95 475.00|
 []


Underfull \hbox (badness 10000) in paragraph at lines 175--175
 []||
 []


Underfull \hbox (badness 1072) in paragraph at lines 175--175
 []|\T1/phv/m/n/10.95 650.00|
 []


Underfull \hbox (badness 10000) in paragraph at lines 175--175
 []||
 []


Underfull \hbox (badness 1072) in paragraph at lines 175--175
 []|\T1/phv/m/n/10.95 200.00|
 []


Underfull \hbox (badness 10000) in paragraph at lines 175--175
 []||
 []


Underfull \hbox (badness 10000) in paragraph at lines 175--175
 []||
 []


Underfull \hbox (badness 4792) in paragraph at lines 175--175
 []||
 []


Underfull \hbox (badness 6300) in paragraph at lines 175--175
 []|\T1/phv/b/n/10.95 12,430.50|
 []


Underfull \hbox (badness 4792) in paragraph at lines 175--175
 []||
 []


Underfull \hbox (badness 10000) in paragraph at lines 175--175
 []|\T1/phv/m/n/10.95 621.53|
 []


Underfull \hbox (badness 4792) in paragraph at lines 175--175
 []||
 []


Underfull \hbox (badness 10000) in paragraph at lines 175--175
 []|\T1/phv/m/n/10.95 994.44|
 []


Underfull \hbox (badness 4792) in paragraph at lines 175--175
 []||
 []


Underfull \hbox (badness 6300) in paragraph at lines 175--175
 []|\T1/phv/b/n/10.95 14,046.47|
 []


Underfull \hbox (badness 4792) in paragraph at lines 175--175
 []||
 []


Underfull \hbox (badness 7613) in paragraph at lines 175--175
 []|\T1/phv/m/n/10.95 2,528.36|
 []


Underfull \hbox (badness 4792) in paragraph at lines 175--175
 []||
 []


Underfull \hbox (badness 6300) in paragraph at lines 175--175
 []|\T1/phv/b/n/10.95 16,574.83|
 []


Underfull \hbox (badness 10000) in alignment at lines 175--175
[][][] 
 []

[67


]
Underfull \hbox (badness 3088) in paragraph at lines 205--205
 []|$ $\T1/phv/b/n/10.95 %|
 []


Underfull \hbox (badness 1112) in paragraph at lines 205--205
 []|\T1/phv/m/n/10.95 72.2$ $%|
 []


Underfull \hbox (badness 1112) in paragraph at lines 205--205
 []|\T1/phv/m/n/10.95 27.8$ $%|
 []


Underfull \hbox (badness 10000) in alignment at lines 205--205
[][][] 
 []

) [68

] (/root/repo_electricas/proyecto_vivienda_unifamiliar_por_RENZO/main.aux
LaTeX Info: Redefining \. on input line 11.
LaTeX Info: Redefining \% on input line 11.
)
 ***********
LaTeX2e <2025-11-01>
L3 programming layer <2026-01-19>
 ***********
Package rerunfilecheck Info: File `main.out' has not changed.
(rerunfilecheck)             Checksum: FFA8E68F1F52B039A34D17C3F3BCCEC3;14676.
 ) 
Here is how much of TeX's memory you used:
 18116 strings out of 469379
 352509 string characters out of 5466553
 786728 words of memory out of 5000000
 46334 multiletter control sequences out of 15000+600000
 680408 words of font info for 95 fonts, out of 8000000 for 9000
 85 hyphenation exceptions out of 8191
 75i,13n,79p,634b,1201s stack positions out of 10000i,1000n,20000p,200000b,200000s
 </root/.texlive2025/texmf-var/fonts/pk/ljfour/jknappen/ec/ectt1200.600pk></u
sr/share/texlive/texmf-dist/fonts/type1/public/amsfonts/cm/cmex10.pfb></usr/sha
re/texlive/texmf-dist/fonts/type1/public/amsfonts/cm/cmmi12.pfb></usr/share/tex
live/texmf-dist/fonts/type1/public/amsfonts/cm/cmmi8.pfb></usr/share/texlive/te
xmf-dist/fonts/type1/public/amsfonts/cm/cmr12.pfb></usr/share/texlive/texmf-dis
t/fonts/type1/public/amsfonts/cm/cmr8.pfb></usr/share/texlive/texmf-dist/fonts/
type1/public/amsfonts/cm/cmsy10.pfb></usr/share/texlive/texmf-dist/fonts/type1/
urw/helvetic/uhvb8a.pfb></usr/share/texlive/texmf-dist/fonts/type1/urw/helvetic
/uhvr8a.pfb></usr/share/texlive/texmf-dist/fonts/type1/urw/helvetic/uhvro8a.pfb
>
Output written on /root/repo_electricas/proyecto_vivienda_unifamiliar_por_RENZO
/main.pdf (69 pages, 984874 bytes).
PDF statistics:
 827 PDF objects out of 1000 (max. 8388607)
 690 compressed objects within 7 object streams
 206 named destinations out of 1000 (max. 500000)
 648 words of extra memory for PDF output out of 10000 (max. 10000000)

