\BOOKMARK [0][-]{chapter.1}{\376\377\000M\000E\000M\000O\000R\000I\000A\000\040\000D\000E\000S\000C\000R\000I\000P\000T\000I\000V\000A}{}% 1
\BOOKMARK [1][-]{section.1.1}{\376\377\000I\000n\000t\000r\000o\000d\000u\000c\000c\000i\000o\000n}{chapter.1}% 2
\BOOKMARK [1][-]{section.1.2}{\376\377\000O\000b\000j\000e\000t\000i\000v\000o\000s}{chapter.1}% 3
\BOOKMARK [2][-]{subsection.1.2.1}{\376\377\000O\000b\000j\000e\000t\000i\000v\000o\000\040\000g\000e\000n\000e\000r\000a\000l}{section.1.2}% 4
\BOOKMARK [2][-]{subsection.1.2.2}{\376\377\000O\000b\000j\000e\000t\000i\000v\000o\000s\000\040\000e\000s\000p\000e\000c\000i\000f\000i\000c\000o\000s}{section.1.2}% 5
\BOOKMARK [1][-]{section.1.3}{\376\377\000M\000a\000r\000c\000o\000\040\000t\000e\000o\000r\000i\000c\000o}{chapter.1}% 6
\BOOKMARK [2][-]{subsection.1.3.1}{\376\377\000I\000n\000s\000t\000a\000l\000a\000c\000i\000o\000n\000e\000s\000\040\000e\000l\000\351\000c\000t\000r\000i\000c\000a\000s\000\040\000r\000e\000s\000i\000d\000e\000n\000c\000i\000a\000l\000e\000s}{section.1.3}% 7
\BOOKMARK [2][-]{subsection.1.3.2}{\376\377\000C\000o\000d\000i\000g\000o\000\040\000N\000a\000c\000i\000o\000n\000a\000l\000\040\000d\000e\000\040\000E\000l\000e\000c\000t\000r\000i\000c\000i\000d\000a\000d\000\040\040\023\000\040\000U\000t\000i\000l\000i\000z\000a\000c\000i\000o\000n}{section.1.3}% 8
\BOOKMARK [2][-]{subsection.1.3.3}{\376\377\000N\000o\000r\000m\000a\000\040\000E\000M\000.\0000\0001\0000\000\040\000I\000n\000s\000t\000a\000l\000a\000c\000i\000o\000n\000e\000s\000\040\000E\000l\000\351\000c\000t\000r\000i\000c\000a\000s\000\040\000I\000n\000t\000e\000r\000i\000o\000r\000e\000s}{section.1.3}% 9
\BOOKMARK [2][-]{subsection.1.3.4}{\376\377\000N\000o\000r\000m\000a\000s\000\040\000T\000e\000c\000n\000i\000c\000a\000s\000\040\000P\000e\000r\000u\000a\000n\000a\000s\000\040\000a\000p\000l\000i\000c\000a\000b\000l\000e\000s}{section.1.3}% 10
\BOOKMARK [2][-]{subsection.1.3.5}{\376\377\000C\000r\000i\000t\000e\000r\000i\000o\000s\000\040\000t\000\351\000c\000n\000i\000c\000o\000s\000\040\000d\000e\000\040\000s\000e\000g\000u\000r\000i\000d\000a\000d}{section.1.3}% 11
\BOOKMARK [1][-]{section.1.4}{\376\377\000M\000e\000m\000o\000r\000i\000a\000\040\000d\000e\000s\000c\000r\000i\000p\000t\000i\000v\000a\000\040\000d\000e\000l\000\040\000p\000r\000o\000y\000e\000c\000t\000o}{chapter.1}% 12
\BOOKMARK [2][-]{subsection.1.4.1}{\376\377\000G\000e\000n\000e\000r\000a\000l\000i\000d\000a\000d\000e\000s}{section.1.4}% 13
\BOOKMARK [2][-]{subsection.1.4.2}{\376\377\000A\000l\000c\000a\000n\000c\000e\000\040\000d\000e\000l\000\040\000p\000r\000o\000y\000e\000c\000t\000o}{section.1.4}% 14
\BOOKMARK [2][-]{subsection.1.4.3}{\376\377\000C\000o\000n\000d\000i\000c\000i\000o\000n\000e\000s\000\040\000d\000e\000\040\000d\000i\000s\000e\000\361\000o\000\040\000a\000d\000o\000p\000t\000a\000d\000a\000s}{section.1.4}% 15
\BOOKMARK [2][-]{subsection.1.4.4}{\376\377\000C\000r\000i\000t\000e\000r\000i\000o\000\040\000a\000r\000q\000u\000i\000t\000e\000c\000t\000o\000n\000i\000c\000o\000\040\000g\000e\000n\000e\000r\000a\000l}{section.1.4}% 16
\BOOKMARK [2][-]{subsection.1.4.5}{\376\377\000R\000e\000s\000t\000r\000i\000c\000c\000i\000o\000n\000e\000s\000\040\000d\000e\000l\000\040\000t\000r\000a\000b\000a\000j\000o}{section.1.4}% 17
\BOOKMARK [1][-]{section.1.5}{\376\377\000D\000i\000s\000t\000r\000i\000b\000u\000c\000i\000\363\000n\000\040\000d\000e\000\040\000a\000m\000b\000i\000e\000n\000t\000e\000s\000\040\000p\000o\000r\000\040\000p\000i\000s\000o}{chapter.1}% 18
\BOOKMARK [2][-]{subsection.1.5.1}{\376\377\000A\000m\000b\000i\000e\000n\000t\000e\000s\000\040\000p\000r\000i\000n\000c\000i\000p\000a\000l\000e\000s}{section.1.5}% 19
\BOOKMARK [2][-]{subsection.1.5.2}{\376\377\000C\000i\000r\000c\000u\000l\000a\000c\000i\000o\000n\000e\000s\000\040\000c\000o\000m\000p\000l\000e\000m\000e\000n\000t\000a\000r\000i\000a\000s}{section.1.5}% 20
\BOOKMARK [0][-]{chapter.2}{\376\377\000C\000A\000L\000C\000U\000L\000O\000S\000\040\000J\000U\000S\000T\000I\000F\000I\000C\000A\000T\000I\000V\000O\000S}{}% 21
\BOOKMARK [1][-]{section.2.1}{\376\377\000C\000\341\000l\000c\000u\000l\000o\000\040\000d\000e\000\040\000l\000a\000\040\000d\000e\000m\000a\000n\000d\000a\000\040\000m\000\341\000x\000i\000m\000a}{chapter.2}% 22
\BOOKMARK [2][-]{subsection.2.1.1}{\376\377\000P\000r\000e\000m\000i\000s\000a\000s\000\040\000d\000e\000\040\000c\000\341\000l\000c\000u\000l\000o}{section.2.1}% 23
\BOOKMARK [2][-]{subsection.2.1.2}{\376\377\000F\000o\000r\000m\000u\000l\000a\000\040\000g\000e\000n\000e\000r\000a\000l}{section.2.1}% 24
\BOOKMARK [2][-]{subsection.2.1.3}{\376\377\000C\000u\000a\000d\000r\000o\000\040\000d\000e\000\040\000c\000a\000r\000g\000a\000s\000\040\000p\000o\000r\000\040\000c\000i\000r\000c\000u\000i\000t\000o}{section.2.1}% 25
\BOOKMARK [2][-]{subsection.2.1.4}{\376\377\000L\000e\000v\000a\000n\000t\000a\000m\000i\000e\000n\000t\000o\000\040\000d\000e\000\040\000c\000a\000r\000g\000a\000s\000\040\000p\000o\000r\000\040\000a\000m\000b\000i\000e\000n\000t\000e}{section.2.1}% 26
\BOOKMARK [2][-]{subsection.2.1.5}{\376\377\000I\000n\000t\000e\000r\000p\000r\000e\000t\000a\000c\000i\000o\000n\000\040\000d\000e\000\040\000l\000a\000\040\000d\000e\000m\000a\000n\000d\000a}{section.2.1}% 27
\BOOKMARK [1][-]{section.2.2}{\376\377\000D\000i\000s\000e\000\361\000o\000\040\000d\000e\000l\000\040\000t\000a\000b\000l\000e\000r\000o\000\040\000e\000l\000\351\000c\000t\000r\000i\000c\000o\000\040\000g\000e\000n\000e\000r\000a\000l\000\040\000y\000\040\000t\000a\000b\000l\000e\000r\000o\000s\000\040\000d\000e\000\040\000d\000i\000s\000t\000r\000i\000b\000u\000c\000i\000\363\000n}{chapter.2}% 28
\BOOKMARK [2][-]{subsection.2.2.1}{\376\377\000C\000r\000i\000t\000e\000r\000i\000o\000\040\000g\000e\000n\000e\000r\000a\000l\000\040\000d\000e\000\040\000s\000e\000c\000t\000o\000r\000i\000z\000a\000c\000i\000o\000n}{section.2.2}% 29
\BOOKMARK [2][-]{subsection.2.2.2}{\376\377\000P\000r\000o\000p\000u\000e\000s\000t\000a\000\040\000d\000e\000\040\000c\000o\000m\000p\000o\000n\000e\000n\000t\000e\000s\000\040\000d\000e\000l\000\040\000t\000a\000b\000l\000e\000r\000o\000\040\000g\000e\000n\000e\000r\000a\000l}{section.2.2}% 30
\BOOKMARK [2][-]{subsection.2.2.3}{\376\377\000D\000i\000s\000t\000r\000i\000b\000u\000c\000i\000\363\000n\000\040\000f\000u\000n\000c\000i\000\363\000n\000a\000l\000\040\000d\000e\000\040\000l\000o\000s\000\040\000t\000a\000b\000l\000e\000r\000o\000s}{section.2.2}% 31
\BOOKMARK [2][-]{subsection.2.2.4}{\376\377\000C\000r\000i\000t\000e\000r\000i\000o\000\040\000d\000e\000\040\000d\000i\000m\000e\000n\000s\000i\000o\000n\000a\000m\000i\000e\000n\000t\000o\000\040\000d\000e\000l\000\040\000t\000a\000b\000l\000e\000r\000o}{section.2.2}% 32
\BOOKMARK [1][-]{section.2.3}{\376\377\000D\000i\000s\000t\000r\000i\000b\000u\000c\000i\000\363\000n\000\040\000d\000e\000\040\000c\000i\000r\000c\000u\000i\000t\000o\000s}{chapter.2}% 33
\BOOKMARK [2][-]{subsection.2.3.1}{\376\377\000C\000i\000r\000c\000u\000i\000t\000o\000s\000\040\000p\000r\000o\000p\000u\000e\000s\000t\000o\000s}{section.2.3}% 34
\BOOKMARK [2][-]{subsection.2.3.2}{\376\377\000C\000r\000i\000t\000e\000r\000i\000o\000s\000\040\000d\000e\000\040\000d\000i\000s\000t\000r\000i\000b\000u\000c\000i\000\363\000n\000\040\000p\000o\000r\000\040\000a\000m\000b\000i\000e\000n\000t\000e}{section.2.3}% 35
\BOOKMARK [2][-]{subsection.2.3.3}{\376\377\000O\000b\000s\000e\000r\000v\000a\000c\000i\000\363\000n\000e\000s\000\040\000d\000e\000\040\000s\000e\000g\000u\000r\000i\000d\000a\000d}{section.2.3}% 36
\BOOKMARK [1][-]{section.2.4}{\376\377\000S\000e\000l\000e\000c\000c\000i\000\363\000n\000\040\000d\000e\000\040\000c\000o\000n\000d\000u\000c\000t\000o\000r\000e\000s\000\040\000y\000\040\000d\000i\000s\000p\000o\000s\000i\000t\000i\000v\000o\000s\000\040\000d\000e\000\040\000p\000r\000o\000t\000e\000c\000c\000i\000\363\000n}{chapter.2}% 37
\BOOKMARK [2][-]{subsection.2.4.1}{\376\377\000C\000r\000i\000t\000e\000r\000i\000o\000\040\000d\000e\000\040\000s\000e\000l\000e\000c\000c\000i\000\363\000n}{section.2.4}% 38
\BOOKMARK [2][-]{subsection.2.4.2}{\376\377\000S\000e\000l\000e\000c\000c\000i\000\363\000n\000\040\000p\000r\000e\000l\000i\000m\000i\000n\000a\000r\000\040\000d\000e\000\040\000c\000o\000n\000d\000u\000c\000t\000o\000r\000e\000s}{section.2.4}% 39
\BOOKMARK [2][-]{subsection.2.4.3}{\376\377\000P\000r\000o\000t\000e\000c\000c\000i\000\363\000n\000e\000s\000\040\000p\000r\000e\000l\000i\000m\000i\000n\000a\000r\000e\000s}{section.2.4}% 40
\BOOKMARK [2][-]{subsection.2.4.4}{\376\377\000C\000o\000o\000r\000d\000i\000n\000a\000c\000i\000o\000n\000\040\000c\000o\000n\000d\000u\000c\000t\000o\000r\000-\000p\000r\000o\000t\000e\000c\000c\000i\000\363\000n}{section.2.4}% 41
\BOOKMARK [2][-]{subsection.2.4.5}{\376\377\000O\000b\000s\000e\000r\000v\000a\000c\000i\000\363\000n\000e\000s\000\040\000t\000e\000c\000n\000i\000c\000a\000s\000\040\000a\000d\000i\000c\000i\000o\000n\000a\000l\000e\000s}{section.2.4}% 42
\BOOKMARK [1][-]{section.2.5}{\376\377\000S\000i\000s\000t\000e\000m\000a\000\040\000d\000e\000\040\000p\000u\000e\000s\000t\000a\000\040\000a\000\040\000t\000i\000e\000r\000r\000a}{chapter.2}% 43
\BOOKMARK [2][-]{subsection.2.5.1}{\376\377\000F\000u\000n\000c\000i\000\363\000n\000\040\000d\000e\000l\000\040\000s\000i\000s\000t\000e\000m\000a}{section.2.5}% 44
\BOOKMARK [2][-]{subsection.2.5.2}{\376\377\000C\000o\000m\000p\000o\000n\000e\000n\000t\000e\000s\000\040\000m\000i\000n\000i\000m\000o\000s}{section.2.5}% 45
\BOOKMARK [2][-]{subsection.2.5.3}{\376\377\000C\000r\000i\000t\000e\000r\000i\000o\000\040\000d\000e\000\040\000d\000i\000m\000e\000n\000s\000i\000o\000n\000a\000m\000i\000e\000n\000t\000o}{section.2.5}% 46
\BOOKMARK [2][-]{subsection.2.5.4}{\376\377\000R\000e\000c\000o\000m\000e\000n\000d\000a\000c\000i\000o\000n\000e\000s\000\040\000d\000e\000\040\000i\000n\000s\000t\000a\000l\000a\000c\000i\000\363\000n}{section.2.5}% 47
\BOOKMARK [0][-]{chapter.3}{\376\377\000E\000S\000P\000E\000C\000I\000F\000I\000C\000A\000C\000I\000O\000N\000E\000S\000\040\000T\000E\000C\000N\000I\000C\000A\000S\000\040\000D\000E\000\040\000S\000U\000M\000I\000N\000I\000S\000T\000R\000O\000\040\000D\000E\000\040\000M\000A\000T\000E\000R\000I\000A\000L\000E\000S}{}% 48
\BOOKMARK [1][-]{section.3.1}{\376\377\000A\000l\000c\000a\000n\000c\000e}{chapter.3}% 49
\BOOKMARK [1][-]{section.3.2}{\376\377\000C\000o\000n\000d\000u\000c\000t\000o\000r\000e\000s\000\040\000e\000l\000\351\000c\000t\000r\000i\000c\000o\000s}{chapter.3}% 50
\BOOKMARK [1][-]{section.3.3}{\376\377\000C\000a\000n\000a\000l\000i\000z\000a\000c\000i\000o\000n\000e\000s}{chapter.3}% 51
\BOOKMARK [1][-]{section.3.4}{\376\377\000T\000a\000b\000l\000e\000r\000o\000\040\000e\000l\000\351\000c\000t\000r\000i\000c\000o}{chapter.3}% 52
\BOOKMARK [1][-]{section.3.5}{\376\377\000I\000n\000t\000e\000r\000r\000u\000p\000t\000o\000r\000e\000s\000\040\000y\000\040\000p\000r\000o\000t\000e\000c\000c\000i\000o\000n\000e\000s}{chapter.3}% 53
\BOOKMARK [1][-]{section.3.6}{\376\377\000T\000o\000m\000a\000c\000o\000r\000r\000i\000e\000n\000t\000e\000s\000\040\000e\000\040\000i\000n\000t\000e\000r\000r\000u\000p\000t\000o\000r\000e\000s}{chapter.3}% 54
\BOOKMARK [1][-]{section.3.7}{\376\377\000L\000u\000m\000i\000n\000a\000r\000i\000a\000s}{chapter.3}% 55
\BOOKMARK [1][-]{section.3.8}{\376\377\000S\000i\000s\000t\000e\000m\000a\000\040\000d\000e\000\040\000p\000u\000e\000s\000t\000a\000\040\000a\000\040\000t\000i\000e\000r\000r\000a}{chapter.3}% 56
\BOOKMARK [1][-]{section.3.9}{\376\377\000C\000u\000a\000d\000r\000o\000\040\000d\000e\000\040\000e\000s\000p\000e\000c\000i\000f\000i\000c\000a\000c\000i\000o\000n\000e\000s}{chapter.3}% 57
\BOOKMARK [0][-]{chapter.4}{\376\377\000E\000S\000P\000E\000C\000I\000F\000I\000C\000A\000C\000I\000O\000N\000E\000S\000\040\000T\000E\000C\000N\000I\000C\000A\000S\000\040\000D\000E\000\040\000M\000O\000N\000T\000A\000J\000E}{}% 58
\BOOKMARK [1][-]{section.4.1}{\376\377\000A\000l\000c\000a\000n\000c\000e}{chapter.4}% 59
\BOOKMARK [1][-]{section.4.2}{\376\377\000R\000e\000p\000l\000a\000n\000t\000e\000o}{chapter.4}% 60
\BOOKMARK [1][-]{section.4.3}{\376\377\000C\000a\000n\000a\000l\000i\000z\000a\000c\000i\000o\000n\000e\000s\000\040\000y\000\040\000c\000a\000j\000a\000s}{chapter.4}% 61
\BOOKMARK [1][-]{section.4.4}{\376\377\000C\000a\000b\000l\000e\000a\000d\000o}{chapter.4}% 62
\BOOKMARK [1][-]{section.4.5}{\376\377\000T\000a\000b\000l\000e\000r\000o}{chapter.4}% 63
\BOOKMARK [1][-]{section.4.6}{\376\377\000P\000u\000e\000s\000t\000a\000\040\000a\000\040\000t\000i\000e\000r\000r\000a}{chapter.4}% 64
\BOOKMARK [1][-]{section.4.7}{\376\377\000P\000r\000u\000e\000b\000a\000s}{chapter.4}% 65
\BOOKMARK [1][-]{section.4.8}{\376\377\000S\000e\000g\000u\000r\000i\000d\000a\000d}{chapter.4}% 66
\BOOKMARK [0][-]{chapter.5}{\376\377\000C\000R\000O\000N\000O\000G\000R\000A\000M\000A}{}% 67
\BOOKMARK [1][-]{section.5.1}{\376\377\000A\000l\000c\000a\000n\000c\000e\000\040\000a\000c\000a\000d\000\351\000m\000i\000c\000o}{chapter.5}% 68
\BOOKMARK [1][-]{section.5.2}{\376\377\000C\000r\000i\000t\000e\000r\000i\000o\000\040\000d\000e\000\040\000r\000e\000f\000e\000r\000e\000n\000c\000i\000a}{chapter.5}% 69
\BOOKMARK [0][-]{chapter.6}{\376\377\000M\000E\000T\000R\000A\000D\000O}{}% 70
\BOOKMARK [1][-]{section.6.1}{\376\377\000A\000l\000c\000a\000n\000c\000e}{chapter.6}% 71
\BOOKMARK [1][-]{section.6.2}{\376\377\000N\000o\000t\000a\000\040\000t\000e\000c\000n\000i\000c\000a}{chapter.6}% 72
\BOOKMARK [0][-]{chapter.7}{\376\377\000P\000L\000A\000N\000O\000S\000\040\000Y\000\040\000L\000A\000M\000I\000N\000A\000S\000\040\000D\000E\000\040\000D\000E\000T\000A\000L\000L\000E}{}% 73
\BOOKMARK [1][-]{section.7.1}{\376\377\000P\000l\000a\000n\000o\000s\000\040\000a\000\040\000i\000n\000s\000e\000r\000t\000a\000r}{chapter.7}% 74
\BOOKMARK [2][-]{subsection.7.1.1}{\376\377\000A\000v\000a\000n\000c\000e\000\040\000d\000e\000l\000\040\000p\000l\000a\000n\000o\000\040\000e\000l\000\351\000c\000t\000r\000i\000c\000o\000\040\000\050\000I\000E\000-\0000\0002\000/\000I\000E\000-\0000\0003\000\051}{section.7.1}% 75
\BOOKMARK [2][-]{subsection.7.1.2}{\376\377\000I\000E\000-\0000\0001\000:\000\040\000U\000b\000i\000c\000a\000c\000i\000\363\000n\000\040\000y\000\040\000a\000r\000q\000u\000i\000t\000e\000c\000t\000u\000r\000a}{section.7.1}% 76
\BOOKMARK [2][-]{subsection.7.1.3}{\376\377\000I\000E\000-\0000\0002\000:\000\040\000A\000l\000u\000m\000b\000r\000a\000d\000o\000\040\000-\000\040\000P\000r\000i\000m\000e\000r\000\040\000P\000i\000s\000o}{section.7.1}% 77
\BOOKMARK [2][-]{subsection.7.1.4}{\376\377\000I\000E\000-\0000\0003\000:\000\040\000T\000o\000m\000a\000c\000o\000r\000r\000i\000e\000n\000t\000e\000s\000\040\000-\000\040\000S\000e\000g\000u\000n\000d\000o\000\040\000P\000i\000s\000o}{section.7.1}% 78
\BOOKMARK [2][-]{subsection.7.1.5}{\376\377\000I\000E\000-\0000\0004\000:\000\040\000C\000i\000r\000c\000u\000i\000t\000o\000s\000\040\000y\000\040\000C\000a\000n\000a\000l\000i\000z\000a\000c\000i\000o\000n\000e\000s\000\040\000-\000\040\000T\000e\000r\000c\000e\000r\000\040\000P\000i\000s\000o}{section.7.1}% 79
\BOOKMARK [2][-]{subsection.7.1.6}{\376\377\000I\000E\000-\0000\0005\000:\000\040\000D\000i\000a\000g\000r\000a\000m\000a\000\040\000U\000n\000i\000f\000i\000l\000a\000r\000\040\000y\000\040\000C\000u\000a\000d\000r\000o\000\040\000d\000e\000\040\000C\000a\000r\000g\000a\000s}{section.7.1}% 80
\BOOKMARK [2][-]{subsection.7.1.7}{\376\377\000I\000E\000-\0000\0006\000:\000\040\000P\000u\000e\000s\000t\000a\000\040\000a\000\040\000T\000i\000e\000r\000r\000a\000\040\000y\000\040\000D\000e\000t\000a\000l\000l\000e\000s\000\040\000d\000e\000\040\000C\000o\000n\000e\000x\000i\000\363\000n}{section.7.1}% 81
\BOOKMARK [1][-]{section.7.2}{\376\377\000D\000e\000t\000a\000l\000l\000e\000s\000\040\000s\000u\000g\000e\000r\000i\000d\000o\000s}{chapter.7}% 82
\BOOKMARK [0][-]{chapter.8}{\376\377\000C\000O\000N\000C\000L\000U\000S\000I\000O\000N\000E\000S\000,\000\040\000R\000E\000C\000O\000M\000E\000N\000D\000A\000C\000I\000O\000N\000E\000S\000\040\000Y\000\040\000B\000I\000B\000L\000I\000O\000G\000R\000A\000F\000I\000A}{}% 83
\BOOKMARK [1][-]{section.8.1}{\376\377\000C\000o\000n\000c\000l\000u\000s\000i\000o\000n\000e\000s}{chapter.8}% 84
\BOOKMARK [1][-]{section.8.2}{\376\377\000R\000e\000c\000o\000m\000e\000n\000d\000a\000c\000i\000o\000n\000e\000s}{chapter.8}% 85
\BOOKMARK [1][-]{section.8.3}{\376\377\000B\000i\000b\000l\000i\000o\000g\000r\000a\000f\000i\000a}{chapter.8}% 86
