This is pdfTeX, Version 3.141592653-2.6-1.40.28 (MiKTeX 25.12) (preloaded format=pdflatex 2026.5.19)  8 JUN 2026 14:39
entering extended mode
 restricted \write18 enabled.
 %&-line parsing enabled.
**./main.tex
(main.tex
LaTeX2e <2023-11-01> patch level 1
L3 programming layer <2024-01-04>
(C:\Users\renzo\AppData\Local\Programs\MiKTeX\tex/latex/base\report.cls
Document Class: report 2023/05/17 v1.4n Standard LaTeX document class
(C:\Users\renzo\AppData\Local\Programs\MiKTeX\tex/latex/base\size12.clo
File: size12.clo 2023/05/17 v1.4n Standard LaTeX file (size option)
)
\c@part=\count187
\c@chapter=\count188
\c@section=\count189
\c@subsection=\count190
\c@subsubsection=\count191
\c@paragraph=\count192
\c@subparagraph=\count193
\c@figure=\count194
\c@table=\count195
\abovecaptionskip=\skip48
\belowcaptionskip=\skip49
\bibindent=\dimen140
)
(C:\Users\renzo\AppData\Local\Programs\MiKTeX\tex/latex/base\inputenc.sty
Package: inputenc 2021/02/14 v1.3d Input encoding file
\inpenc@prehook=\toks17
\inpenc@posthook=\toks18
)
(C:\Users\renzo\AppData\Local\Programs\MiKTeX\tex/latex/base\fontenc.sty
Package: fontenc 2021/04/29 v2.0v Standard LaTeX package
)
(C:\Users\renzo\AppData\Local\Programs\MiKTeX\tex/generic/babel\babel.sty
Package: babel 2024/01/07 v24.1 The Babel package
\babel@savecnt=\count196
\U@D=\dimen141
\l@unhyphenated=\language79

(C:\Users\renzo\AppData\Local\Programs\MiKTeX\tex/generic/babel\txtbabel.def)
\bbl@readstream=\read2
\bbl@dirlevel=\count197

*************************************
* Local config file bblopts.cfg used
*
(C:\Users\renzo\AppData\Local\Programs\MiKTeX\tex/latex/arabi\bblopts.cfg
File: bblopts.cfg 2005/09/08 v0.1 add Arabic and Farsi to "declared" options of
 babel
)
(C:\Users\renzo\AppData\Local\Programs\MiKTeX\tex/latex/babel-spanish\spanish.l
df
Language: spanish.ldf 2021/05/27 v5.0q Spanish support from the babel system
\es@quottoks=\toks19
\es@quotdepth=\count198
Package babel Info: Making " an active character on input line 570.
Package babel Info: Making . an active character on input line 675.
Package babel Info: Making < an active character on input line 722.
Package babel Info: Making > an active character on input line 722.
))
(C:\Users\renzo\AppData\Local\Programs\MiKTeX\tex/generic/babel/locale/es\babel
-spanish.tex
Package babel Info: Importing font and identification data for spanish
(babel)             from babel-es.ini. Reported on input line 11.
)
(C:\Users\renzo\AppData\Local\Programs\MiKTeX\tex/latex/geometry\geometry.sty
Package: geometry 2020/01/02 v5.9 Page Geometry

(C:\Users\renzo\AppData\Local\Programs\MiKTeX\tex/latex/graphics\keyval.sty
Package: keyval 2022/05/29 v1.15 key=value parser (DPC)
\KV@toks@=\toks20
)
(C:\Users\renzo\AppData\Local\Programs\MiKTeX\tex/generic/iftex\ifvtex.sty
Package: ifvtex 2019/10/25 v1.7 ifvtex legacy package. Use iftex instead.

(C:\Users\renzo\AppData\Local\Programs\MiKTeX\tex/generic/iftex\iftex.sty
Package: iftex 2022/02/03 v1.0f TeX engine tests
))
\Gm@cnth=\count199
\Gm@cntv=\count266
\c@Gm@tempcnt=\count267
\Gm@bindingoffset=\dimen142
\Gm@wd@mp=\dimen143
\Gm@odd@mp=\dimen144
\Gm@even@mp=\dimen145
\Gm@layoutwidth=\dimen146
\Gm@layoutheight=\dimen147
\Gm@layouthoffset=\dimen148
\Gm@layoutvoffset=\dimen149
\Gm@dimlist=\toks21

(C:\Users\renzo\AppData\Local\Programs\MiKTeX\tex/latex/geometry\geometry.cfg))
(C:\Users\renzo\AppData\Local\Programs\MiKTeX\tex/latex/tools\array.sty
Package: array 2023/10/16 v2.5g Tabular extension package (FMi)
\col@sep=\dimen150
\ar@mcellbox=\box51
\extrarowheight=\dimen151
\NC@list=\toks22
\extratabsurround=\skip50
\backup@length=\skip51
\ar@cellbox=\box52
)
(C:\Users\renzo\AppData\Local\Programs\MiKTeX\tex/latex/tools\longtable.sty
Package: longtable 2023-11-01 v4.19 Multi-page Table package (DPC)
\LTleft=\skip52
\LTright=\skip53
\LTpre=\skip54
\LTpost=\skip55
\LTchunksize=\count268
\LTcapwidth=\dimen152
\LT@head=\box53
\LT@firsthead=\box54
\LT@foot=\box55
\LT@lastfoot=\box56
\LT@gbox=\box57
\LT@cols=\count269
\LT@rows=\count270
\c@LT@tables=\count271
\c@LT@chunks=\count272
\LT@p@ftn=\toks23
)
(C:\Users\renzo\AppData\Local\Programs\MiKTeX\tex/latex/tools\tabularx.sty
Package: tabularx 2023/07/08 v2.11c `tabularx' package (DPC)
\TX@col@width=\dimen153
\TX@old@table=\dimen154
\TX@old@col=\dimen155
\TX@target=\dimen156
\TX@delta=\dimen157
\TX@cols=\count273
\TX@ftn=\toks24
)
(C:\Users\renzo\AppData\Local\Programs\MiKTeX\tex/latex/booktabs\booktabs.sty
Package: booktabs 2020/01/12 v1.61803398 Publication quality tables
\heavyrulewidth=\dimen158
\lightrulewidth=\dimen159
\cmidrulewidth=\dimen160
\belowrulesep=\dimen161
\belowbottomsep=\dimen162
\aboverulesep=\dimen163
\abovetopsep=\dimen164
\cmidrulesep=\dimen165
\cmidrulekern=\dimen166
\defaultaddspace=\dimen167
\@cmidla=\count274
\@cmidlb=\count275
\@aboverulesep=\dimen168
\@belowrulesep=\dimen169
\@thisruleclass=\count276
\@lastruleclass=\count277
\@thisrulewidth=\dimen170
)
(C:\Users\renzo\AppData\Local\Programs\MiKTeX\tex/latex/graphics\graphicx.sty
Package: graphicx 2021/09/16 v1.2d Enhanced LaTeX Graphics (DPC,SPQR)

(C:\Users\renzo\AppData\Local\Programs\MiKTeX\tex/latex/graphics\graphics.sty
Package: graphics 2022/03/10 v1.4e Standard LaTeX Graphics (DPC,SPQR)

(C:\Users\renzo\AppData\Local\Programs\MiKTeX\tex/latex/graphics\trig.sty
Package: trig 2021/08/11 v1.11 sin cos tan (DPC)
)
(C:\Users\renzo\AppData\Local\Programs\MiKTeX\tex/latex/graphics-cfg\graphics.c
fg
File: graphics.cfg 2016/06/04 v1.11 sample graphics configuration
)
Package graphics Info: Driver file: pdftex.def on input line 107.

(C:\Users\renzo\AppData\Local\Programs\MiKTeX\tex/latex/graphics-def\pdftex.def
File: pdftex.def 2022/09/22 v1.2b Graphics/color driver for pdftex
))
\Gin@req@height=\dimen171
\Gin@req@width=\dimen172
) (C:\Users\renzo\AppData\Local\Programs\MiKTeX\tex/latex/eso-pic\eso-pic.sty
Package: eso-pic 2023/05/03 v3.0c eso-pic (RN)
\ESO@tempdima=\dimen173
\ESO@tempdimb=\dimen174
(C:\Users\renzo\AppData\Local\Programs\MiKTeX\tex/latex/xcolor\xcolor.sty
Package: xcolor 2023/11/15 v3.01 LaTeX color extensions (UK)

(C:\Users\renzo\AppData\Local\Programs\MiKTeX\tex/latex/graphics-cfg\color.cfg
File: color.cfg 2016/01/02 v1.6 sample color configuration
)
Package xcolor Info: Driver file: pdftex.def on input line 274.
(C:\Users\renzo\AppData\Local\Programs\MiKTeX\tex/latex/graphics\mathcolor.ltx)
Package xcolor Info: Model `cmy' substituted by `cmy0' on input line 1350.
Package xcolor Info: Model `hsb' substituted by `rgb' on input line 1354.
Package xcolor Info: Model `RGB' extended on input line 1366.
Package xcolor Info: Model `HTML' substituted by `rgb' on input line 1368.
Package xcolor Info: Model `Hsb' substituted by `hsb' on input line 1369.
Package xcolor Info: Model `tHsb' substituted by `hsb' on input line 1370.
Package xcolor Info: Model `HSB' substituted by `hsb' on input line 1371.
Package xcolor Info: Model `Gray' substituted by `gray' on input line 1372.
Package xcolor Info: Model `wave' substituted by `hsb' on input line 1373.
))
(C:\Users\renzo\AppData\Local\Programs\MiKTeX\tex/latex/ragged2e\ragged2e.sty
Package: ragged2e 2023/06/22 v3.6 ragged2e Package
\CenteringLeftskip=\skip56
\RaggedLeftLeftskip=\skip57
\RaggedRightLeftskip=\skip58
\CenteringRightskip=\skip59
\RaggedLeftRightskip=\skip60
\RaggedRightRightskip=\skip61
\CenteringParfillskip=\skip62
\RaggedLeftParfillskip=\skip63
\RaggedRightParfillskip=\skip64
\JustifyingParfillskip=\skip65
\CenteringParindent=\skip66
\RaggedLeftParindent=\skip67
\RaggedRightParindent=\skip68
\JustifyingParindent=\skip69
)
(C:\Users\renzo\AppData\Local\Programs\MiKTeX\tex/latex/float\float.sty
Package: float 2001/11/08 v1.3d Float enhancements (AL)
\c@float@type=\count278
\float@exts=\toks25
\float@box=\box58
\@float@everytoks=\toks26
\@floatcapt=\box59
)
(C:\Users\renzo\AppData\Local\Programs\MiKTeX\tex/latex/pdflscape\pdflscape.sty
Package: pdflscape 2022-10-27 v0.13 Display of landscape pages in PDF

(C:\Users\renzo\AppData\Local\Programs\MiKTeX\tex/latex/pdflscape\pdflscape-nom
etadata.sty
Package: pdflscape-nometadata 2022-10-28 v0.13 Display of landscape pages in PD
F (HO)

(C:\Users\renzo\AppData\Local\Programs\MiKTeX\tex/latex/graphics\lscape.sty
Package: lscape 2020/05/28 v3.02 Landscape Pages (DPC)
)
Package pdflscape Info: Auto-detected driver: pdftex on input line 81.
))
(C:\Users\renzo\AppData\Local\Programs\MiKTeX\tex/latex/hyperref\hyperref.sty
Package: hyperref 2023-11-26 v7.01g Hypertext links for LaTeX

(C:\Users\renzo\AppData\Local\Programs\MiKTeX\tex/generic/infwarerr\infwarerr.s
ty
Package: infwarerr 2019/12/03 v1.5 Providing info/warning/error messages (HO)
)
(C:\Users\renzo\AppData\Local\Programs\MiKTeX\tex/latex/kvsetkeys\kvsetkeys.sty
Package: kvsetkeys 2022-10-05 v1.19 Key value parser (HO)
)
(C:\Users\renzo\AppData\Local\Programs\MiKTeX\tex/generic/kvdefinekeys\kvdefine
keys.sty
Package: kvdefinekeys 2019-12-19 v1.6 Define keys (HO)
)
(C:\Users\renzo\AppData\Local\Programs\MiKTeX\tex/generic/pdfescape\pdfescape.s
ty
Package: pdfescape 2019/12/09 v1.15 Implements pdfTeX's escape features (HO)

(C:\Users\renzo\AppData\Local\Programs\MiKTeX\tex/generic/ltxcmds\ltxcmds.sty
Package: ltxcmds 2023-12-04 v1.26 LaTeX kernel commands for general use (HO)
)
(C:\Users\renzo\AppData\Local\Programs\MiKTeX\tex/generic/pdftexcmds\pdftexcmds
.sty
Package: pdftexcmds 2020-06-27 v0.33 Utility functions of pdfTeX for LuaTeX (HO
)
Package pdftexcmds Info: \pdf@primitive is available.
Package pdftexcmds Info: \pdf@ifprimitive is available.
Package pdftexcmds Info: \pdfdraftmode found.
))
(C:\Users\renzo\AppData\Local\Programs\MiKTeX\tex/latex/hycolor\hycolor.sty
Package: hycolor 2020-01-27 v1.10 Color options for hyperref/bookmark (HO)
)
(C:\Users\renzo\AppData\Local\Programs\MiKTeX\tex/latex/letltxmacro\letltxmacro
.sty
Package: letltxmacro 2019/12/03 v1.6 Let assignment for LaTeX macros (HO)
)
(C:\Users\renzo\AppData\Local\Programs\MiKTeX\tex/latex/auxhook\auxhook.sty
Package: auxhook 2019-12-17 v1.6 Hooks for auxiliary files (HO)
)
(C:\Users\renzo\AppData\Local\Programs\MiKTeX\tex/latex/hyperref\nameref.sty
Package: nameref 2023-11-26 v2.56 Cross-referencing by name of section

(C:\Users\renzo\AppData\Local\Programs\MiKTeX\tex/latex/refcount\refcount.sty
Package: refcount 2019/12/15 v3.6 Data extraction from label references (HO)
)
(C:\Users\renzo\AppData\Local\Programs\MiKTeX\tex/generic/gettitlestring\gettit
lestring.sty
Package: gettitlestring 2019/12/15 v1.6 Cleanup title references (HO)

(C:\Users\renzo\AppData\Local\Programs\MiKTeX\tex/latex/kvoptions\kvoptions.sty
Package: kvoptions 2022-06-15 v3.15 Key value format for package options (HO)
))
\c@section@level=\count279
)
(C:\Users\renzo\AppData\Local\Programs\MiKTeX\tex/latex/etoolbox\etoolbox.sty
Package: etoolbox 2020/10/05 v2.5k e-TeX tools for LaTeX (JAW)
\etb@tempcnta=\count280
)
\@linkdim=\dimen175
\Hy@linkcounter=\count281
\Hy@pagecounter=\count282

(C:\Users\renzo\AppData\Local\Programs\MiKTeX\tex/latex/hyperref\pd1enc.def
File: pd1enc.def 2023-11-26 v7.01g Hyperref: PDFDocEncoding definition (HO)
Now handling font encoding PD1 ...
... no UTF-8 mapping file for font encoding PD1
)
(C:\Users\renzo\AppData\Local\Programs\MiKTeX\tex/generic/intcalc\intcalc.sty
Package: intcalc 2019/12/15 v1.3 Expandable calculations with integers (HO)
)
\Hy@SavedSpaceFactor=\count283

(C:\Users\renzo\AppData\Local\Programs\MiKTeX\tex/latex/hyperref\puenc.def
File: puenc.def 2023-11-26 v7.01g Hyperref: PDF Unicode definition (HO)
Now handling font encoding PU ...
... no UTF-8 mapping file for font encoding PU
)
Package hyperref Info: Hyper figures OFF on input line 4181.
Package hyperref Info: Link nesting OFF on input line 4186.
Package hyperref Info: Hyper index ON on input line 4189.
Package hyperref Info: Plain pages OFF on input line 4196.
Package hyperref Info: Backreferencing OFF on input line 4201.
Package hyperref Info: Implicit mode ON; LaTeX internals redefined.
Package hyperref Info: Bookmarks ON on input line 4448.
\c@Hy@tempcnt=\count284

(C:\Users\renzo\AppData\Local\Programs\MiKTeX\tex/latex/url\url.sty
\Urlmuskip=\muskip16
Package: url 2013/09/16  ver 3.4  Verb mode for urls, etc.
)
LaTeX Info: Redefining \url on input line 4786.
\XeTeXLinkMargin=\dimen176

(C:\Users\renzo\AppData\Local\Programs\MiKTeX\tex/generic/bitset\bitset.sty
Package: bitset 2019/12/09 v1.3 Handle bit-vector datatype (HO)

(C:\Users\renzo\AppData\Local\Programs\MiKTeX\tex/generic/bigintcalc\bigintcalc
.sty
Package: bigintcalc 2019/12/15 v1.5 Expandable calculations on big integers (HO
)
))
\Fld@menulength=\count285
\Field@Width=\dimen177
\Fld@charsize=\dimen178
Package hyperref Info: Hyper figures OFF on input line 6065.
Package hyperref Info: Link nesting OFF on input line 6070.
Package hyperref Info: Hyper index ON on input line 6073.
Package hyperref Info: backreferencing OFF on input line 6080.
Package hyperref Info: Link coloring OFF on input line 6085.
Package hyperref Info: Link coloring with OCG OFF on input line 6090.
Package hyperref Info: PDF/A mode OFF on input line 6095.

(C:\Users\renzo\AppData\Local\Programs\MiKTeX\tex/latex/base\atbegshi-ltx.sty
Package: atbegshi-ltx 2021/01/10 v1.0c Emulation of the original atbegshi
package with kernel methods
)
\Hy@abspage=\count286
\c@Item=\count287
\c@Hfootnote=\count288
)
Package hyperref Info: Driver (autodetected): hpdftex.
(C:\Users\renzo\AppData\Local\Programs\MiKTeX\tex/latex/hyperref\hpdftex.def
File: hpdftex.def 2023-11-26 v7.01g Hyperref driver for pdfTeX

(C:\Users\renzo\AppData\Local\Programs\MiKTeX\tex/latex/base\atveryend-ltx.sty
Package: atveryend-ltx 2020/08/19 v1.0a Emulation of the original atveryend pac
kage
with kernel methods
)
\Fld@listcount=\count289
\c@bookmark@seq@number=\count290

(C:\Users\renzo\AppData\Local\Programs\MiKTeX\tex/latex/rerunfilecheck\rerunfil
echeck.sty
Package: rerunfilecheck 2025-06-21 v1.11 Rerun checks for auxiliary files (HO)

(C:\Users\renzo\AppData\Local\Programs\MiKTeX\tex/generic/uniquecounter\uniquec
ounter.sty
Package: uniquecounter 2019/12/15 v1.4 Provide unlimited unique counter (HO)
)
Package uniquecounter Info: New unique counter `rerunfilecheck' on input line 2
84.
)
\Hy@SectionHShift=\skip70
)
(C:\Users\renzo\AppData\Local\Programs\MiKTeX\tex/latex/enumitem\enumitem.sty
Package: enumitem 2025/02/06 v3.11 Customized lists
\labelindent=\skip71
\enit@outerparindent=\dimen179
\enit@toks=\toks27
\enit@inbox=\box60
\enit@count@id=\count291
\enitdp@description=\count292
)
(C:\Users\renzo\AppData\Local\Programs\MiKTeX\tex/latex/amsmath\amsmath.sty
Package: amsmath 2023/05/13 v2.17o AMS math features
\@mathmargin=\skip72

For additional information on amsmath, use the `?' option.
(C:\Users\renzo\AppData\Local\Programs\MiKTeX\tex/latex/amsmath\amstext.sty
Package: amstext 2021/08/26 v2.01 AMS text

(C:\Users\renzo\AppData\Local\Programs\MiKTeX\tex/latex/amsmath\amsgen.sty
File: amsgen.sty 1999/11/30 v2.0 generic functions
\@emptytoks=\toks28
\ex@=\dimen180
))
(C:\Users\renzo\AppData\Local\Programs\MiKTeX\tex/latex/amsmath\amsbsy.sty
Package: amsbsy 1999/11/29 v1.2d Bold Symbols
\pmbraise@=\dimen181
)
(C:\Users\renzo\AppData\Local\Programs\MiKTeX\tex/latex/amsmath\amsopn.sty
Package: amsopn 2022/04/08 v2.04 operator names
)
\inf@bad=\count293
LaTeX Info: Redefining \frac on input line 234.
\uproot@=\count294
\leftroot@=\count295
LaTeX Info: Redefining \overline on input line 399.
LaTeX Info: Redefining \colon on input line 410.
\classnum@=\count296
\DOTSCASE@=\count297
LaTeX Info: Redefining \ldots on input line 496.
LaTeX Info: Redefining \dots on input line 499.
LaTeX Info: Redefining \cdots on input line 620.
\Mathstrutbox@=\box61
\strutbox@=\box62
LaTeX Info: Redefining \big on input line 722.
LaTeX Info: Redefining \Big on input line 723.
LaTeX Info: Redefining \bigg on input line 724.
LaTeX Info: Redefining \Bigg on input line 725.
\big@size=\dimen182
LaTeX Font Info:    Redeclaring font encoding OML on input line 743.
LaTeX Font Info:    Redeclaring font encoding OMS on input line 744.
\macc@depth=\count298
LaTeX Info: Redefining \bmod on input line 905.
LaTeX Info: Redefining \pmod on input line 910.
LaTeX Info: Redefining \smash on input line 940.
LaTeX Info: Redefining \relbar on input line 970.
LaTeX Info: Redefining \Relbar on input line 971.
\c@MaxMatrixCols=\count299
\dotsspace@=\muskip17
\c@parentequation=\count300
\dspbrk@lvl=\count301
\tag@help=\toks29
\row@=\count302
\column@=\count303
\maxfields@=\count304
\andhelp@=\toks30
\eqnshift@=\dimen183
\alignsep@=\dimen184
\tagshift@=\dimen185
\tagwidth@=\dimen186
\totwidth@=\dimen187
\lineht@=\dimen188
\@envbody=\toks31
\multlinegap=\skip73
\multlinetaggap=\skip74
\mathdisplay@stack=\toks32
LaTeX Info: Redefining \[ on input line 2953.
LaTeX Info: Redefining \] on input line 2954.
)
(C:\Program Files\MiKTeX\tex/latex/siunitx\siunitx.sty
Package: siunitx 2025-07-09 v3.4.14 A comprehensive (SI) units package
\l__siunitx_number_uncert_offset_int=\count305
\l__siunitx_number_exponent_fixed_int=\count306
\l__siunitx_number_min_decimal_int=\count307
\l__siunitx_number_min_integer_int=\count308
\l__siunitx_number_round_precision_int=\count309
\l__siunitx_number_lower_threshold_int=\count310
\l__siunitx_number_upper_threshold_int=\count311
\l__siunitx_number_group_first_int=\count312
\l__siunitx_number_group_size_int=\count313
\l__siunitx_number_group_minimum_int=\count314
\l__siunitx_angle_tmp_dim=\dimen189
\l__siunitx_angle_marker_box=\box63
\l__siunitx_angle_unit_box=\box64
\l__siunitx_compound_count_int=\count315

(C:\Program Files\MiKTeX\tex/latex/translations\translations.sty
Package: translations 2022/02/05 v1.12 internationalization of LaTeX2e packages
 (CN)
)
\l__siunitx_table_tmp_box=\box65
\l__siunitx_table_tmp_dim=\dimen190
\l__siunitx_table_column_width_dim=\dimen191
\l__siunitx_table_integer_box=\box66
\l__siunitx_table_decimal_box=\box67
\l__siunitx_table_uncert_box=\box68
\l__siunitx_table_before_box=\box69
\l__siunitx_table_after_box=\box70
\l__siunitx_table_before_dim=\dimen192
\l__siunitx_table_carry_dim=\dimen193
\l__siunitx_unit_tmp_int=\count316
\l__siunitx_unit_position_int=\count317
\l__siunitx_unit_total_int=\count318
)
(C:\Users\renzo\AppData\Local\Programs\MiKTeX\tex/latex/fancyhdr\fancyhdr.sty
Package: fancyhdr 2025/02/07 v5.2 Extensive control of page headers and footers

\f@nch@headwidth=\skip75
\f@nch@offset@elh=\skip76
\f@nch@offset@erh=\skip77
\f@nch@offset@olh=\skip78
\f@nch@offset@orh=\skip79
\f@nch@offset@elf=\skip80
\f@nch@offset@erf=\skip81
\f@nch@offset@olf=\skip82
\f@nch@offset@orf=\skip83
\f@nch@height=\skip84
\f@nch@footalignment=\skip85
\f@nch@widthL=\skip86
\f@nch@widthC=\skip87
\f@nch@widthR=\skip88
\@temptokenb=\toks33
)
(C:\Users\renzo\AppData\Local\Programs\MiKTeX\tex/latex/titlesec\titlesec.sty
Package: titlesec 2025/01/04 v2.17 Sectioning titles
\ttl@box=\box71
\beforetitleunit=\skip89
\aftertitleunit=\skip90
\ttl@plus=\dimen194
\ttl@minus=\dimen195
\ttl@toksa=\toks34
\titlewidth=\dimen196
\titlewidthlast=\dimen197
\titlewidthfirst=\dimen198
)
(C:\Users\renzo\AppData\Local\Programs\MiKTeX\tex/latex/psnfss\helvet.sty
Package: helvet 2020/03/25 PSNFSS-v9.3 (WaS) 
)
Package hyperref Info: Option `colorlinks' set `true' on input line 42.
LaTeX Font Info:    Trying to load font information for T1+phv on input line 11
3.

(C:\Users\renzo\AppData\Local\Programs\MiKTeX\tex/latex/psnfss\t1phv.fd
File: t1phv.fd 2020/03/25 scalable font definitions for T1/phv.
)
(C:\Users\renzo\AppData\Local\Programs\MiKTeX\tex/latex/l3backend\l3backend-pdf
tex.def
File: l3backend-pdftex.def 2024-01-04 L3 backend support: PDF output (pdfTeX)
\l__color_backend_stack_int=\count319
\l__pdf_internal_box=\box72
) (main.aux
LaTeX Info: Redefining \. on input line 11.
LaTeX Info: Redefining \% on input line 11.
)
\openout1 = `main.aux'.

LaTeX Font Info:    Checking defaults for OML/cmm/m/it on input line 113.
LaTeX Font Info:    ... okay on input line 113.
LaTeX Font Info:    Checking defaults for OMS/cmsy/m/n on input line 113.
LaTeX Font Info:    ... okay on input line 113.
LaTeX Font Info:    Checking defaults for OT1/cmr/m/n on input line 113.
LaTeX Font Info:    ... okay on input line 113.
LaTeX Font Info:    Checking defaults for T1/cmr/m/n on input line 113.
LaTeX Font Info:    ... okay on input line 113.
LaTeX Font Info:    Checking defaults for TS1/cmr/m/n on input line 113.
LaTeX Font Info:    ... okay on input line 113.
LaTeX Font Info:    Checking defaults for OMX/cmex/m/n on input line 113.
LaTeX Font Info:    ... okay on input line 113.
LaTeX Font Info:    Checking defaults for U/cmr/m/n on input line 113.
LaTeX Font Info:    ... okay on input line 113.
LaTeX Font Info:    Checking defaults for PD1/pdf/m/n on input line 113.
LaTeX Font Info:    ... okay on input line 113.
LaTeX Font Info:    Checking defaults for PU/pdf/m/n on input line 113.
LaTeX Font Info:    ... okay on input line 113.
LaTeX Info: Redefining \. on input line 113.
LaTeX Info: Redefining \% on input line 113.

*geometry* driver: auto-detecting
*geometry* detected driver: pdftex
*geometry* verbose mode - [ preamble ] result:
* driver: pdftex
* paper: a4paper
* layout: <same size as paper>
* layoutoffset:(h,v)=(0.0pt,0.0pt)
* modes: 
* h-part:(L,W,R)=(85.35826pt, 441.01773pt, 71.13188pt)
* v-part:(T,H,B)=(71.13188pt, 702.78308pt, 71.13188pt)
* \paperwidth=597.50787pt
* \paperheight=845.04684pt
* \textwidth=441.01773pt
* \textheight=702.78308pt
* \oddsidemargin=13.08827pt
* \evensidemargin=13.08827pt
* \topmargin=-38.1381pt
* \headheight=15.0pt
* \headsep=25.0pt
* \topskip=12.0pt
* \footskip=30.0pt
* \marginparwidth=35.0pt
* \marginparsep=10.0pt
* \columnsep=10.0pt
* \skip\footins=10.8pt plus 4.0pt minus 2.0pt
* \hoffset=0.0pt
* \voffset=0.0pt
* \mag=1000
* \@twocolumnfalse
* \@twosidefalse
* \@mparswitchfalse
* \@reversemarginfalse
* (1in=72.27pt=25.4mm, 1cm=28.453pt)


(C:\Users\renzo\AppData\Local\Programs\MiKTeX\tex/context/base/mkii\supp-pdf.mk
ii
[Loading MPS to PDF converter (version 2006.09.02).]
\scratchcounter=\count320
\scratchdimen=\dimen199
\scratchbox=\box73
\nofMPsegments=\count321
\nofMParguments=\count322
\everyMPshowfont=\toks35
\MPscratchCnt=\count323
\MPscratchDim=\dimen256
\MPnumerator=\count324
\makeMPintoPDFobject=\count325
\everyMPtoPDFconversion=\toks36
)
(C:\Users\renzo\AppData\Local\Programs\MiKTeX\tex/latex/epstopdf-pkg\epstopdf-b
ase.sty
Package: epstopdf-base 2020-01-24 v2.11 Base part for package epstopdf
 (C:\Program Files\MiKTeX\tex/latex/grfext\grfext.sty
Package: grfext 2019/12/03 v1.3 Manage graphics extensions (HO)
)
Package epstopdf-base Info: Redefining graphics rule for `.eps' on input line 4
85.
Package grfext Info: Graphics extension search list:
(grfext)             [.pdf,.png,.jpg,.mps,.jpeg,.jbig2,.jb2,.PDF,.PNG,.JPG,.JPE
G,.JBIG2,.JB2,.eps]
(grfext)             \AppendGraphicsExtensions on input line 504.

(C:\Users\renzo\AppData\Local\Programs\MiKTeX\tex/latex/00miktex\epstopdf-sys.c
fg
File: epstopdf-sys.cfg 2021/03/18 v2.0 Configuration of epstopdf for MiKTeX
))
Package hyperref Info: Link coloring ON on input line 113.
 (main.out) (main.out)
\@outlinefile=\write3
\openout3 = `main.out'.


(C:\Program Files\MiKTeX\tex/latex/translations/dicts\translations-basic-dictio
nary-spanish.trsl
File: translations-basic-dictionary-spanish.trsl (spanish translation file `tra
nslations-basic-dictionary')
)
Package translations Info: loading dictionary `translations-basic-dictionary' f
or `spanish'. on input line 113.
 (capitulos/00-portada.tex
LaTeX Font Info:    Trying to load font information for TS1+phv on input line 2
9.

(C:\Users\renzo\AppData\Local\Programs\MiKTeX\tex/latex/psnfss\ts1phv.fd
File: ts1phv.fd 2020/03/25 scalable font definitions for TS1/phv.
)
<capitulos/FONDO DE MI PROYECTO.pdf, id=307, 597.73312pt x 845.40843pt>
File: capitulos/FONDO DE MI PROYECTO.pdf Graphic file (type pdf)
<use capitulos/FONDO DE MI PROYECTO.pdf>
Package pdftex.def Info: capitulos/FONDO DE MI PROYECTO.pdf  used on input line
 43.
(pdftex.def)             Requested size: 597.54924pt x 845.07095pt.

[1

{C:/Users/renzo/AppData/Local/MiKTeX/fonts/map/pdftex/pdftex.map}{C:/Users/renz
o/AppData/Local/Programs/MiKTeX/fonts/enc/dvips/base/8r.enc} <./capitulos/FONDO
 DE MI PROYECTO.pdf>]) (capitulos/01-memoria-descriptiva.tex
Cap\'{\i }tulo 1.

Underfull \hbox (badness 4084) in paragraph at lines 1--1
 []\T1/phv/b/n/20.74 MEMORIA DESCRIPTIVA 
 []


pdfTeX warning (ext4): destination with the same identifier (name{page.1}) has 
been already used, duplicate ignored
<to be read again> 
                   \relax 
l.1 \chapter{MEMORIA DESCRIPTIVA}
                                  [1

]
<figuras/plano_catastral.png, id=338, 751.30687pt x 527.72156pt>
File: figuras/plano_catastral.png Graphic file (type png)
<use figuras/plano_catastral.png>
Package pdftex.def Info: figuras/plano_catastral.png  used on input line 40.
(pdftex.def)             Requested size: 374.86775pt x 263.31258pt.
 [2

]
<figuras/ubicacion_satelital.png, id=345, 363.60844pt x 475.02469pt>
File: figuras/ubicacion_satelital.png Graphic file (type png)
<use figuras/ubicacion_satelital.png>
Package pdftex.def Info: figuras/ubicacion_satelital.png  used on input line 47
.
(pdftex.def)             Requested size: 374.86775pt x 489.75201pt.
 [3 <./figuras/plano_catastral.png>]
[4 <./figuras/ubicacion_satelital.png>]
Overfull \hbox (1.31592pt too wide) in paragraph at lines 110--110
[]|\T1/phv/b/n/10.95 Circuito|  
 []

[5] [6]) (capitulos/02-calculos-justificativos.tex [7]
Cap\'{\i }tulo 2.

Underfull \hbox (badness 1590) in paragraph at lines 1--1
 []\T1/phv/b/n/20.74 CALCULOS JUSTIFICATIVOS 
 []

[8

]
Overfull \hbox (6.61925pt too wide) in paragraph at lines 57--57
[]|\T1/phv/m/n/10.95 Tomacorrientes 
 []


Overfull \hbox (6.61925pt too wide) in paragraph at lines 57--57
[]|\T1/phv/m/n/10.95 Tomacorrientes 
 []


Overfull \hbox (6.61925pt too wide) in paragraph at lines 57--57
[]|\T1/phv/m/n/10.95 Tomacorrientes 
 []

[9

]
Overfull \hbox (15.73213pt too wide) in paragraph at lines 79--79
[]|\T1/phv/b/n/10.95 Observación|  
 []


Overfull \hbox (18.94041pt too wide) in paragraph at lines 79--79
[]|\T1/phv/m/n/10.95 Tomacorriente 
 []


Overfull \hbox (18.94041pt too wide) in paragraph at lines 79--79
[]|\T1/phv/m/n/10.95 Tomacorriente 
 []


Overfull \hbox (18.94041pt too wide) in paragraph at lines 79--79
[]|\T1/phv/m/n/10.95 Tomacorriente 
 []

[10] [11] [12]) (capitulos/03-especificaciones-materiales.tex [13]
Cap\'{\i }tulo 3.
[14

] [15

] [16

] [17

] [18] [19

]) (capitulos/04-especificaciones-montaje.tex
Cap\'{\i }tulo 4.

Underfull \hbox (badness 8000) in paragraph at lines 1--1
 []\T1/phv/b/n/20.74 ESPECIFICACIONES 
 []


Underfull \hbox (badness 3930) in paragraph at lines 1--1
 \T1/phv/b/n/20.74 TECNICAS DE MONTAJE 
 []

[20


] [21

]) (capitulos/05-cronograma.tex [22]
Cap\'{\i }tulo 5.

Underfull \hbox (badness 10000) in paragraph at lines 1--1
 []\T1/phv/b/n/20.74 CRONOGRAMA 
 []

[23

]
Underfull \hbox (badness 10000) in paragraph at lines 24--24
[]|\T1/phv/m/n/12 Responsables de
 []

) (capitulos/06-metrado.tex [24

]
Cap\'{\i }tulo 6.

Underfull \hbox (badness 10000) in paragraph at lines 1--1
 []\T1/phv/b/n/20.74 METRADO 
 []

[25

] (metrados/puntos_por_circuito.tex) (metrados/metrado_tuberias.tex
Overfull \hbox (29.22374pt too wide) in paragraph at lines 19--19
[]|\T1/phv/b/n/10.95 Observacion|  
 []


Overfull \hbox (25.67607pt too wide) in paragraph at lines 19--19
[]|\T1/phv/m/n/10.95 Canalización 
 []


Overfull \hbox (25.67607pt too wide) in paragraph at lines 19--19
[]|\T1/phv/m/n/10.95 Canalización 
 []


Overfull \hbox (25.67607pt too wide) in paragraph at lines 19--19
[]|\T1/phv/m/n/10.95 Canalización 
 []


Overfull \hbox (25.67607pt too wide) in paragraph at lines 19--19
[]|\T1/phv/m/n/10.95 Canalización 
 []


Overfull \hbox (25.67607pt too wide) in paragraph at lines 19--19
[]|\T1/phv/m/n/10.95 Canalización 
 []


Overfull \hbox (25.67607pt too wide) in paragraph at lines 19--19
[]|\T1/phv/m/n/10.95 Canalización 
 []

) [26

] (metrados/metrado_conductores.tex
Overfull \hbox (45.59036pt too wide) in paragraph at lines 19--19
[]|\T1/phv/b/n/10.95 Observacion|  
 []


Overfull \hbox (26.01204pt too wide) in paragraph at lines 19--19
[]|\T1/phv/m/n/10.95 Cableado 
 []


Overfull \hbox (1.27621pt too wide) in paragraph at lines 19--19
\T1/phv/m/n/10.95 neu- 
 []


Overfull \hbox (25.28943pt too wide) in paragraph at lines 19--19
[]|\T1/phv/m/n/10.95 Conexión 
 []


Overfull \hbox (26.01204pt too wide) in paragraph at lines 19--19
[]|\T1/phv/m/n/10.95 Cableado 
 []


Overfull \hbox (1.27621pt too wide) in paragraph at lines 19--19
\T1/phv/m/n/10.95 neu- 
 []


Overfull \hbox (25.28943pt too wide) in paragraph at lines 19--19
[]|\T1/phv/m/n/10.95 Conexión 
 []


Overfull \hbox (25.28943pt too wide) in paragraph at lines 19--19
[]|\T1/phv/m/n/10.95 Conexión 
 []

) [27] [28] (metrados/metrado_cajas.tex
Overfull \hbox (53.32207pt too wide) in paragraph at lines 17--17
[]|\T1/phv/b/n/10.95 Observacion|  
 []


Overfull \hbox (23.00189pt too wide) in paragraph at lines 17--17
[]|\T1/phv/m/n/10.95 Salidas 
 []


Overfull \hbox (14.47197pt too wide) in paragraph at lines 17--17
\T1/phv/m/n/10.95 alum- 
 []


Overfull \hbox (6.45662pt too wide) in paragraph at lines 17--17
\T1/phv/m/n/10.95 bra- 
 []


Overfull \hbox (4.74849pt too wide) in paragraph at lines 17--17
\T1/phv/m/n/10.95 cho|  
 []


Overfull \hbox (49.33598pt too wide) in paragraph at lines 17--17
[]|\T1/phv/m/n/10.95 Interruptores 
 []


Overfull \hbox (7.77072pt too wide) in paragraph at lines 17--17
\T1/phv/m/n/10.95 sim- 
 []


Overfull \hbox (7.17935pt too wide) in paragraph at lines 17--17
\T1/phv/m/n/10.95 ples 
 []


Overfull \hbox (62.00534pt too wide) in paragraph at lines 17--17
[]|\T1/phv/m/n/10.95 Tomacorrientes 
 []


Overfull \hbox (4.74849pt too wide) in paragraph at lines 17--17
\T1/phv/m/n/10.95 uso 
 []


Overfull \hbox (2.9198pt too wide) in paragraph at lines 17--17
\T1/phv/m/n/10.95 ge- 
 []


Overfull \hbox (2.9198pt too wide) in paragraph at lines 17--17
\T1/phv/m/n/10.95 ne- 
 []


Overfull \hbox (17.52704pt too wide) in paragraph at lines 17--17
[]|\T1/phv/m/n/10.95 Zonas 
 []


Overfull \hbox (2.9198pt too wide) in paragraph at lines 17--17
\T1/phv/m/n/10.95 hú- 
 []


Overfull \hbox (5.95299pt too wide) in paragraph at lines 17--17
\T1/phv/m/n/10.95 me- 
 []


Overfull \hbox (4.74849pt too wide) in paragraph at lines 17--17
\T1/phv/m/n/10.95 das 
 []


Overfull \hbox (6.5661pt too wide) in paragraph at lines 17--17
\T1/phv/m/n/10.95 (ba- 
 []


Overfull \hbox (8.39479pt too wide) in paragraph at lines 17--17
\T1/phv/m/n/10.95 ńos)|  
 []


Overfull \hbox (24.21732pt too wide) in paragraph at lines 17--17
[]|\T1/phv/m/n/10.95 Cocina, 
 []


Overfull \hbox (2.03291pt too wide) in paragraph at lines 17--17
\T1/phv/m/n/10.95 va- 
 []


Overfull \hbox (2.9198pt too wide) in paragraph at lines 17--17
\T1/phv/m/n/10.95 do- 
 []


Overfull \hbox (10.82565pt too wide) in paragraph at lines 17--17
\T1/phv/m/n/10.95 elec- 
 []


Overfull \hbox (3.52197pt too wide) in paragraph at lines 17--17
\T1/phv/m/n/10.95 tro- 
 []


Overfull \hbox (12.0411pt too wide) in paragraph at lines 17--17
\T1/phv/m/n/10.95 bom- 
 []


Overfull \hbox (50.26709pt too wide) in paragraph at lines 17--17
[]|\T1/phv/m/n/10.95 Derivaciones 
 []


Overfull \hbox (11.42798pt too wide) in paragraph at lines 17--17
\T1/phv/m/n/10.95 cam- 
 []


Overfull \hbox (7.17935pt too wide) in paragraph at lines 17--17
\T1/phv/m/n/10.95 bios 
 []


Overfull \hbox (0.64212pt too wide) in paragraph at lines 17--17
\T1/phv/m/n/10.95 ru- 
 []

) (metrados/metrado_tableros.tex
Overfull \hbox (4.35628pt too wide) in paragraph at lines 14--14
[]|\T1/phv/b/n/10.95 Observacion|  
 []

) [29

] (metrados/metrado_accesorios.tex
Overfull \hbox (1.6181pt too wide) in paragraph at lines 19--19
[]|\T1/phv/m/n/10.95 Alumbrado|  
 []


Overfull \hbox (23.69304pt too wide) in paragraph at lines 19--19
[]|\T1/phv/m/n/10.95 Tomacorrientes|  
 []


Overfull \hbox (7.20244pt too wide) in paragraph at lines 19--19
[]|\T1/phv/m/n/10.95 Alimentador|  
 []

) (metrados/metrado_puesta_tierra.tex
Overfull \hbox (29.96358pt too wide) in paragraph at lines 12--12
[]|\T1/phv/b/n/10.95 Observacion|  
 []

) [30] (metrados/resumen_metrados.tex
Overfull \hbox (13.12376pt too wide) in paragraph at lines 7--7
[]|\T1/phv/b/n/10 Especificacion|  
 []


Overfull \hbox (13.12376pt too wide) in paragraph at lines 12--12
[]|\T1/phv/b/n/10 Especificacion|  
 []


Overfull \hbox (25.53004pt too wide) in alignment at lines 20--73
 [] [] [] [] [] [] [] 
 []


Package longtable Warning: Column widths have changed
(longtable)                in table 6.8 on input line 73.

[31] [32]) [33]) (capitulos/07-planos.tex [34]
Cap\'{\i }tulo 7.
[35

] [36

]
Overfull \hbox (4.15222pt too wide) in paragraph at lines 16--17
[]|\T1/phv/m/n/12 Entregado|  
 []


Overfull \hbox (4.15222pt too wide) in paragraph at lines 17--18
[]|\T1/phv/m/n/12 Entregado|  
 []


Overfull \hbox (4.15222pt too wide) in paragraph at lines 18--19
[]|\T1/phv/m/n/12 Entregado|  
 []


Overfull \hbox (4.15222pt too wide) in paragraph at lines 19--20
[]|\T1/phv/m/n/12 Entregado|  
 []


Overfull \hbox (4.15222pt too wide) in paragraph at lines 20--21
[]|\T1/phv/m/n/12 Entregado|  
 []


Overfull \hbox (4.15222pt too wide) in paragraph at lines 21--22
[]|\T1/phv/m/n/12 Entregado|  
 []


Overfull \hbox (4.15222pt too wide) in paragraph at lines 22--23
[]|\T1/phv/m/n/12 Entregado|  
 []

[37

] [38

]
<planos/primer-piso.pdf, id=528, 289.08pt x 429.28021pt>
File: planos/primer-piso.pdf Graphic file (type pdf)
<use planos/primer-piso.pdf>
Package pdftex.def Info: planos/primer-piso.pdf  used on input line 36.
(pdftex.def)             Requested size: 243.54453pt x 361.63776pt.
 [39

 <./planos/primer-piso.pdf>]
<planos/segundo-piso.pdf, id=535, 289.08pt x 447.93523pt>
File: planos/segundo-piso.pdf Graphic file (type pdf)
<use planos/segundo-piso.pdf>
Package pdftex.def Info: planos/segundo-piso.pdf  used on input line 45.
(pdftex.def)             Requested size: 233.39923pt x 361.63776pt.
 [40


 <./planos/segundo-piso.pdf>]
<planos/tercer-piso.pdf, id=542, 289.08pt x 447.94458pt>
File: planos/tercer-piso.pdf Graphic file (type pdf)
<use planos/tercer-piso.pdf>
Package pdftex.def Info: planos/tercer-piso.pdf  used on input line 54.
(pdftex.def)             Requested size: 233.38158pt x 361.63776pt.

[41


 <./planos/tercer-piso.pdf>] [42

]
<planos/IE-02-alumbrado.pdf, id=554, 691.4481pt x 346.89601pt>
File: planos/IE-02-alumbrado.pdf Graphic file (type pdf)
<use planos/IE-02-alumbrado.pdf>
Package pdftex.def Info: planos/IE-02-alumbrado.pdf  used on input line 68.
(pdftex.def)             Requested size: 720.87215pt x 361.63776pt.

Overfull \hbox (18.08907pt too wide) in paragraph at lines 68--69
 [][] 
 []

[43

 <./planos/IE-02-alumbrado.pdf>] [44

]
<planos/IE-03-tomacorrientes.pdf, id=565, 691.4481pt x 346.89601pt>
File: planos/IE-03-tomacorrientes.pdf Graphic file (type pdf)
<use planos/IE-03-tomacorrientes.pdf>
Package pdftex.def Info: planos/IE-03-tomacorrientes.pdf  used on input line 81
.
(pdftex.def)             Requested size: 720.87215pt x 361.63776pt.

Overfull \hbox (18.08907pt too wide) in paragraph at lines 81--82
 [][] 
 []

[45

 <./planos/IE-03-tomacorrientes.pdf>] [46

]
<planos/IE-04-circuitos-canalizaciones.pdf, id=576, 691.4481pt x 346.89601pt>
File: planos/IE-04-circuitos-canalizaciones.pdf Graphic file (type pdf)
<use planos/IE-04-circuitos-canalizaciones.pdf>
Package pdftex.def Info: planos/IE-04-circuitos-canalizaciones.pdf  used on inp
ut line 94.
(pdftex.def)             Requested size: 720.87215pt x 361.63776pt.

Overfull \hbox (18.08907pt too wide) in paragraph at lines 94--95
 [][] 
 []

[47

 <./planos/IE-04-circuitos-canalizaciones.pdf>] [48

]
<planos/IE-05-unifilar-cuadro-cargas.pdf, id=588, 341.09473pt x 346.89601pt>
File: planos/IE-05-unifilar-cuadro-cargas.pdf Graphic file (type pdf)
<use planos/IE-05-unifilar-cuadro-cargas.pdf>
Package pdftex.def Info: planos/IE-05-unifilar-cuadro-cargas.pdf  used on input
 line 107.
(pdftex.def)             Requested size: 355.60973pt x 361.63776pt.
 [49

 <./planos/IE-05-unifilar-cuadro-cargas.pdf>] [50

]
<planos/IE-06-puesta-tierra.pdf, id=599, 504.576pt x 346.89601pt>
File: planos/IE-06-puesta-tierra.pdf Graphic file (type pdf)
<use planos/IE-06-puesta-tierra.pdf>
Package pdftex.def Info: planos/IE-06-puesta-tierra.pdf  used on input line 120
.
(pdftex.def)             Requested size: 526.04784pt x 361.63776pt.
 [51

 <./planos/IE-06-puesta-tierra.pdf>] [52

]
<planos/IE-07-simbologia-detalles.pdf, id=610, 291.97081pt x 1124.52115pt>
File: planos/IE-07-simbologia-detalles.pdf Graphic file (type pdf)
<use planos/IE-07-simbologia-detalles.pdf>
Package pdftex.def Info: planos/IE-07-simbologia-detalles.pdf  used on input li
ne 133.
(pdftex.def)             Requested size: 93.89589pt x 361.63776pt.

[53

 <./planos/IE-07-simbologia-detalles.pdf>]) (capitulos/08-anexos.tex
[54

]
Cap\'{\i }tulo 8.

Underfull \hbox (badness 10000) in paragraph at lines 1--1
 \T1/phv/b/n/20.74 Y BIBLIOGRAFIA 
 []

[55

]
LaTeX Font Info:    Font shape `T1/phv/m/it' in size <12> not available
(Font)              Font shape `T1/phv/m/sl' tried instead on input line 27.
 [56

]) (capitulos/09-presupuesto.tex [57]
Cap\'{\i }tulo 9.

Underfull \hbox (badness 2343) in paragraph at lines 1--1
 []\T1/phv/b/n/20.74 PRESUPUESTO ESTIMADO 
 []

[58

] (presupuesto/precios_unitarios.tex

Package longtable Warning: Column widths have changed
(longtable)                in table 9.1 on input line 60.

[59

] [60]) [61] (presupuesto/presupuesto_general.tex
Underfull \hbox (badness 1888) in paragraph at lines 23--23
 []||
 []


Overfull \hbox (4.97227pt too wide) in paragraph at lines 26--26
 []|\T1/phv/m/n/10 120.40|
 []


Underfull \hbox (badness 1888) in paragraph at lines 27--27
 []||
 []


Overfull \hbox (4.97227pt too wide) in paragraph at lines 27--27
 []|\T1/phv/m/n/10 151.10|
 []


Underfull \hbox (badness 1888) in paragraph at lines 28--28
 []||
 []


Underfull \hbox (badness 1888) in paragraph at lines 29--29
 []||
 []


Underfull \hbox (badness 1888) in paragraph at lines 30--30
 []||
 []


Underfull \hbox (badness 1888) in paragraph at lines 31--31
 []||
 []


Underfull \hbox (badness 1888) in paragraph at lines 32--32
 []||
 []


Underfull \hbox (badness 1888) in paragraph at lines 33--33
 []||
 []


Underfull \hbox (badness 1888) in paragraph at lines 37--37
 []||
 []


Underfull \hbox (badness 1888) in paragraph at lines 38--38
 []||
 []


Underfull \hbox (badness 1888) in paragraph at lines 39--39
 []||
 []


Underfull \hbox (badness 1888) in paragraph at lines 40--40
 []||
 []


Underfull \hbox (badness 1888) in paragraph at lines 41--41
 []||
 []


Underfull \hbox (badness 1888) in paragraph at lines 42--42
 []||
 []


Underfull \hbox (badness 1888) in paragraph at lines 43--43
 []||
 []


Underfull \hbox (badness 1888) in paragraph at lines 47--47
 []||
 []


Underfull \hbox (badness 1888) in paragraph at lines 48--48
 []||
 []


Underfull \hbox (badness 1888) in paragraph at lines 49--49
 []||
 []


Underfull \hbox (badness 1888) in paragraph at lines 50--50
 []||
 []


Underfull \hbox (badness 1888) in paragraph at lines 51--51
 []||
 []


Underfull \hbox (badness 1888) in paragraph at lines 52--52
 []||
 []


Underfull \hbox (badness 1888) in paragraph at lines 56--56
 []||
 []


Underfull \hbox (badness 1888) in paragraph at lines 57--57
 []||
 []


Underfull \hbox (badness 1888) in paragraph at lines 58--58
 []||
 []


Underfull \hbox (badness 1888) in paragraph at lines 62--62
 []||
 []


Underfull \hbox (badness 1888) in paragraph at lines 63--63
 []||
 []


Underfull \hbox (badness 1888) in paragraph at lines 64--64
 []||
 []


Underfull \hbox (badness 1888) in paragraph at lines 65--65
 []||
 []


Underfull \hbox (badness 1888) in paragraph at lines 66--66
 []||
 []


Underfull \hbox (badness 1888) in paragraph at lines 67--67
 []||
 []


Underfull \hbox (badness 1888) in paragraph at lines 68--68
 []||
 []


Underfull \hbox (badness 1888) in paragraph at lines 69--69
 []||
 []


Underfull \hbox (badness 1888) in paragraph at lines 70--70
 []||
 []


Underfull \hbox (badness 1888) in paragraph at lines 71--71
 []||
 []


Underfull \hbox (badness 1888) in paragraph at lines 75--75
 []||
 []


Underfull \hbox (badness 1888) in paragraph at lines 79--79
 []||
 []


Underfull \hbox (badness 1888) in paragraph at lines 83--83
 []||
 []


Underfull \hbox (badness 1888) in paragraph at lines 87--87
 []||
 []


Underfull \hbox (badness 1888) in paragraph at lines 91--91
 []||
 []

[62

] [63])) [64]

Package longtable Warning: Table widths have changed. Rerun LaTeX.

[65] (main.aux
LaTeX Info: Redefining \. on input line 11.
LaTeX Info: Redefining \% on input line 11.
)
 ***********
LaTeX2e <2023-11-01> patch level 1
L3 programming layer <2024-01-04>
 ***********
Package rerunfilecheck Info: File `main.out' has not changed.
(rerunfilecheck)             Checksum: 29EC1D2B816443D932E4423D028C8C52;14104.
 ) 
Here is how much of TeX's memory you used:
 17878 strings out of 474479
 349080 string characters out of 5743591
 2003542 words of memory out of 5000000
 39677 multiletter control sequences out of 15000+600000
 609449 words of font info for 89 fonts, out of 8000000 for 9000
 1141 hyphenation exceptions out of 8191
 75i,14n,79p,574b,1228s stack positions out of 10000i,1000n,20000p,200000b,200000s
<C:/Users/renzo/AppData/Local/Programs/MiKTeX/fonts/type1/public/amsfonts/cm/
cmex10.pfb><C:/Users/renzo/AppData/Local/Programs/MiKTeX/fonts/type1/public/ams
fonts/cm/cmmi12.pfb><C:/Users/renzo/AppData/Local/Programs/MiKTeX/fonts/type1/p
ublic/amsfonts/cm/cmmi8.pfb><C:/Users/renzo/AppData/Local/Programs/MiKTeX/fonts
/type1/public/amsfonts/cm/cmr12.pfb><C:/Users/renzo/AppData/Local/Programs/MiKT
eX/fonts/type1/public/amsfonts/cm/cmsy10.pfb><C:/Users/renzo/AppData/Local/Prog
rams/MiKTeX/fonts/type1/urw/helvetic/uhvb8a.pfb><C:/Users/renzo/AppData/Local/P
rograms/MiKTeX/fonts/type1/urw/helvetic/uhvr8a.pfb><C:/Users/renzo/AppData/Loca
l/Programs/MiKTeX/fonts/type1/urw/helvetic/uhvro8a.pfb>
Output written on C:\Users\renzo\instalacion-electricas\proyecto_vivienda_unifa
miliar_por_RENZO\build\main.pdf (66 pages, 3292326 bytes).
PDF statistics:
 767 PDF objects out of 1000 (max. 8388607)
 197 named destinations out of 1000 (max. 500000)
 669 words of extra memory for PDF output out of 10000 (max. 10000000)

