This is pdfTeX, Version 3.141592653-2.6-1.40.29 (TeX Live 2026/Arch Linux) (preloaded format=pdflatex)
 restricted \write18 enabled.
entering extended mode
(./presupuesto_final_aquiles_documento.tex
LaTeX2e <2025-11-01>
L3 programming layer <2026-01-19>
(/usr/share/texmf-dist/tex/latex/base/article.cls
Document Class: article 2025/01/22 v1.4n Standard LaTeX document class
(/usr/share/texmf-dist/tex/latex/base/size11.clo))
(/usr/share/texmf-dist/tex/latex/base/inputenc.sty)
(/usr/share/texmf-dist/tex/latex/base/fontenc.sty)
(/usr/share/texmf-dist/tex/generic/babel/babel.sty
(/usr/share/texmf-dist/tex/generic/babel/txtbabel.def)
(/usr/share/texmf-dist/tex/generic/babel/locale/es/babel-spanish.tex)
(/usr/share/texmf-dist/tex/generic/babel-spanish/spanish.ldf

Package babel Warning: No hyphenation patterns were preloaded for
(babel)                the language 'Spanish' into the format.
(babel)                Please, configure your TeX system to add them and
(babel)                rebuild the format. Now I will use the patterns
(babel)                preloaded for \language=0 instead on input line 51.

)) (/usr/share/texmf-dist/tex/latex/geometry/geometry.sty
(/usr/share/texmf-dist/tex/latex/graphics/keyval.sty)
(/usr/share/texmf-dist/tex/generic/iftex/ifvtex.sty
(/usr/share/texmf-dist/tex/generic/iftex/iftex.sty)))
(/usr/share/texmf-dist/tex/latex/booktabs/booktabs.sty)
(/usr/share/texmf-dist/tex/latex/tools/longtable.sty)
(/usr/share/texmf-dist/tex/latex/tools/array.sty)
(/usr/share/texmf-dist/tex/latex/pdflscape/pdflscape.sty
(/usr/share/texmf-dist/tex/latex/pdflscape/pdflscape-nometadata.sty
(/usr/share/texmf-dist/tex/latex/graphics/lscape.sty
(/usr/share/texmf-dist/tex/latex/graphics/graphics.sty
(/usr/share/texmf-dist/tex/latex/graphics/trig.sty)
(/usr/share/texmf-dist/tex/latex/graphics-cfg/graphics.cfg)
(/usr/share/texmf-dist/tex/latex/graphics-def/pdftex.def)))))
(/usr/share/texmf-dist/tex/latex/xcolor/xcolor.sty
(/usr/share/texmf-dist/tex/latex/graphics-cfg/color.cfg)
(/usr/share/texmf-dist/tex/latex/graphics/mathcolor.ltx))
(/usr/share/texmf-dist/tex/latex/hyperref/hyperref.sty
(/usr/share/texmf-dist/tex/latex/kvsetkeys/kvsetkeys.sty)
(/usr/share/texmf-dist/tex/generic/kvdefinekeys/kvdefinekeys.sty)
(/usr/share/texmf-dist/tex/generic/pdfescape/pdfescape.sty
(/usr/share/texmf-dist/tex/generic/ltxcmds/ltxcmds.sty)
(/usr/share/texmf-dist/tex/generic/pdftexcmds/pdftexcmds.sty
(/usr/share/texmf-dist/tex/generic/infwarerr/infwarerr.sty)))
(/usr/share/texmf-dist/tex/latex/hycolor/hycolor.sty)
(/usr/share/texmf-dist/tex/latex/hyperref/nameref.sty
(/usr/share/texmf-dist/tex/latex/refcount/refcount.sty)
(/usr/share/texmf-dist/tex/generic/gettitlestring/gettitlestring.sty
(/usr/share/texmf-dist/tex/latex/kvoptions/kvoptions.sty)))
(/usr/share/texmf-dist/tex/latex/etoolbox/etoolbox.sty)
(/usr/share/texmf-dist/tex/generic/stringenc/stringenc.sty)
(/usr/share/texmf-dist/tex/latex/hyperref/pd1enc.def)
(/usr/share/texmf-dist/tex/generic/intcalc/intcalc.sty)
(/usr/share/texmf-dist/tex/latex/hyperref/puenc.def)
(/usr/share/texmf-dist/tex/latex/url/url.sty)
(/usr/share/texmf-dist/tex/generic/bitset/bitset.sty
(/usr/share/texmf-dist/tex/generic/bigintcalc/bigintcalc.sty)))
(/usr/share/texmf-dist/tex/latex/hyperref/hpdftex.def
(/usr/share/texmf-dist/tex/latex/rerunfilecheck/rerunfilecheck.sty
(/usr/share/texmf-dist/tex/generic/uniquecounter/uniquecounter.sty)))
(/usr/share/texmf-dist/tex/latex/l3backend/l3backend-pdftex.def)
(./presupuesto_final_aquiles_documento.aux)
*geometry* driver: auto-detecting
*geometry* detected driver: pdftex
(/usr/share/texmf-dist/tex/context/base/mkii/supp-pdf.mkii
[Loading MPS to PDF converter (version 2006.09.02).]
) (/usr/share/texmf-dist/tex/latex/epstopdf-pkg/epstopdf-base.sty
(/usr/share/texmf-dist/tex/latex/latexconfig/epstopdf-sys.cfg))
(./presupuesto_final_aquiles_documento.out)
(./presupuesto_final_aquiles_documento.out)
(./presupuesto_final_aquiles_documento.toc) [1{/var/lib/texmf/fonts/map/pdftex/
updmap/pdftex.map}{/usr/share/texmf-dist/fonts/enc/dvips/cm-super/cm-super-t1.e
nc}] (./presupuesto_final_aquiles.tex [2]
Underfull \hbox (badness 10000) in paragraph at lines 71--71
[]|\T1/cmr/m/n/8 ACC-

Underfull \hbox (badness 10000) in paragraph at lines 73--73
[]|\T1/cmr/m/n/8 ALIM-T2-

Underfull \hbox (badness 10000) in paragraph at lines 74--74
[]|\T1/cmr/m/n/8 ALIM-T2-

Underfull \hbox (badness 10000) in paragraph at lines 75--75
[]|\T1/cmr/m/n/8 ALIM-T2-
[3] [4] [5] [6] [7] [8] [9] [10] [11] [12] [13]
Overfull \hbox (14.43405pt too wide) in paragraph at lines 228--229
[]|\T1/cmr/m/n/8 estimado_por_referencia_manual| 

Overfull \hbox (14.43405pt too wide) in paragraph at lines 229--230
[]|\T1/cmr/m/n/8 estimado_por_referencia_manual| 

Overfull \hbox (14.43405pt too wide) in paragraph at lines 230--231
[]|\T1/cmr/m/n/8 estimado_por_referencia_manual| 

Overfull \hbox (14.43405pt too wide) in paragraph at lines 231--232
[]|\T1/cmr/m/n/8 estimado_por_referencia_manual| 

Overfull \hbox (14.43405pt too wide) in paragraph at lines 233--234
[]|\T1/cmr/m/n/8 estimado_por_referencia_manual| 

Overfull \hbox (14.43405pt too wide) in paragraph at lines 236--237
[]|\T1/cmr/m/n/8 estimado_por_referencia_manual| 

Overfull \hbox (14.43405pt too wide) in paragraph at lines 239--240
[]|\T1/cmr/m/n/8 estimado_por_referencia_manual| 

Overfull \hbox (14.43405pt too wide) in paragraph at lines 250--251
[]|\T1/cmr/m/n/8 estimado_por_referencia_manual| 
[14]) [15] (./presupuesto_final_aquiles_documento.aux) )
(see the transcript file for additional information)</usr/share/texmf-dist/font
s/type1/public/cm-super/sfbx0800.pfb></usr/share/texmf-dist/fonts/type1/public/
cm-super/sfbx1095.pfb></usr/share/texmf-dist/fonts/type1/public/cm-super/sfbx12
00.pfb></usr/share/texmf-dist/fonts/type1/public/cm-super/sfbx1440.pfb></usr/sh
are/texmf-dist/fonts/type1/public/cm-super/sfrm0800.pfb></usr/share/texmf-dist/
fonts/type1/public/cm-super/sfrm1095.pfb></usr/share/texmf-dist/fonts/type1/pub
lic/cm-super/sfrm1200.pfb></usr/share/texmf-dist/fonts/type1/public/cm-super/sf
rm1728.pfb>
Output written on presupuesto_final_aquiles_documento.pdf (15 pages, 188703 byt
es).
Transcript written on presupuesto_final_aquiles_documento.log.
This is pdfTeX, Version 3.141592653-2.6-1.40.29 (TeX Live 2026/Arch Linux) (preloaded format=pdflatex)
 restricted \write18 enabled.
entering extended mode
(./presupuesto_final_aquiles_documento.tex
LaTeX2e <2025-11-01>
L3 programming layer <2026-01-19>
(/usr/share/texmf-dist/tex/latex/base/article.cls
Document Class: article 2025/01/22 v1.4n Standard LaTeX document class
(/usr/share/texmf-dist/tex/latex/base/size11.clo))
(/usr/share/texmf-dist/tex/latex/base/inputenc.sty)
(/usr/share/texmf-dist/tex/latex/base/fontenc.sty)
(/usr/share/texmf-dist/tex/generic/babel/babel.sty
(/usr/share/texmf-dist/tex/generic/babel/txtbabel.def)
(/usr/share/texmf-dist/tex/generic/babel/locale/es/babel-spanish.tex)
(/usr/share/texmf-dist/tex/generic/babel-spanish/spanish.ldf

Package babel Warning: No hyphenation patterns were preloaded for
(babel)                the language 'Spanish' into the format.
(babel)                Please, configure your TeX system to add them and
(babel)                rebuild the format. Now I will use the patterns
(babel)                preloaded for \language=0 instead on input line 51.

)) (/usr/share/texmf-dist/tex/latex/geometry/geometry.sty
(/usr/share/texmf-dist/tex/latex/graphics/keyval.sty)
(/usr/share/texmf-dist/tex/generic/iftex/ifvtex.sty
(/usr/share/texmf-dist/tex/generic/iftex/iftex.sty)))
(/usr/share/texmf-dist/tex/latex/booktabs/booktabs.sty)
(/usr/share/texmf-dist/tex/latex/tools/longtable.sty)
(/usr/share/texmf-dist/tex/latex/tools/array.sty)
(/usr/share/texmf-dist/tex/latex/pdflscape/pdflscape.sty
(/usr/share/texmf-dist/tex/latex/pdflscape/pdflscape-nometadata.sty
(/usr/share/texmf-dist/tex/latex/graphics/lscape.sty
(/usr/share/texmf-dist/tex/latex/graphics/graphics.sty
(/usr/share/texmf-dist/tex/latex/graphics/trig.sty)
(/usr/share/texmf-dist/tex/latex/graphics-cfg/graphics.cfg)
(/usr/share/texmf-dist/tex/latex/graphics-def/pdftex.def)))))
(/usr/share/texmf-dist/tex/latex/xcolor/xcolor.sty
(/usr/share/texmf-dist/tex/latex/graphics-cfg/color.cfg)
(/usr/share/texmf-dist/tex/latex/graphics/mathcolor.ltx))
(/usr/share/texmf-dist/tex/latex/hyperref/hyperref.sty
(/usr/share/texmf-dist/tex/latex/kvsetkeys/kvsetkeys.sty)
(/usr/share/texmf-dist/tex/generic/kvdefinekeys/kvdefinekeys.sty)
(/usr/share/texmf-dist/tex/generic/pdfescape/pdfescape.sty
(/usr/share/texmf-dist/tex/generic/ltxcmds/ltxcmds.sty)
(/usr/share/texmf-dist/tex/generic/pdftexcmds/pdftexcmds.sty
(/usr/share/texmf-dist/tex/generic/infwarerr/infwarerr.sty)))
(/usr/share/texmf-dist/tex/latex/hycolor/hycolor.sty)
(/usr/share/texmf-dist/tex/latex/hyperref/nameref.sty
(/usr/share/texmf-dist/tex/latex/refcount/refcount.sty)
(/usr/share/texmf-dist/tex/generic/gettitlestring/gettitlestring.sty
(/usr/share/texmf-dist/tex/latex/kvoptions/kvoptions.sty)))
(/usr/share/texmf-dist/tex/latex/etoolbox/etoolbox.sty)
(/usr/share/texmf-dist/tex/generic/stringenc/stringenc.sty)
(/usr/share/texmf-dist/tex/latex/hyperref/pd1enc.def)
(/usr/share/texmf-dist/tex/generic/intcalc/intcalc.sty)
(/usr/share/texmf-dist/tex/latex/hyperref/puenc.def)
(/usr/share/texmf-dist/tex/latex/url/url.sty)
(/usr/share/texmf-dist/tex/generic/bitset/bitset.sty
(/usr/share/texmf-dist/tex/generic/bigintcalc/bigintcalc.sty)))
(/usr/share/texmf-dist/tex/latex/hyperref/hpdftex.def
(/usr/share/texmf-dist/tex/latex/rerunfilecheck/rerunfilecheck.sty
(/usr/share/texmf-dist/tex/generic/uniquecounter/uniquecounter.sty)))
(/usr/share/texmf-dist/tex/latex/l3backend/l3backend-pdftex.def)
(./presupuesto_final_aquiles_documento.aux)
*geometry* driver: auto-detecting
*geometry* detected driver: pdftex
(/usr/share/texmf-dist/tex/context/base/mkii/supp-pdf.mkii
[Loading MPS to PDF converter (version 2006.09.02).]
) (/usr/share/texmf-dist/tex/latex/epstopdf-pkg/epstopdf-base.sty
(/usr/share/texmf-dist/tex/latex/latexconfig/epstopdf-sys.cfg))
(./presupuesto_final_aquiles_documento.out)
(./presupuesto_final_aquiles_documento.out)
(./presupuesto_final_aquiles_documento.toc) [1{/var/lib/texmf/fonts/map/pdftex/
updmap/pdftex.map}{/usr/share/texmf-dist/fonts/enc/dvips/cm-super/cm-super-t1.e
nc}] (./presupuesto_final_aquiles.tex [2]
Underfull \hbox (badness 10000) in paragraph at lines 71--71
[]|\T1/cmr/m/n/8 ACC-

Underfull \hbox (badness 10000) in paragraph at lines 73--73
[]|\T1/cmr/m/n/8 ALIM-T2-

Underfull \hbox (badness 10000) in paragraph at lines 74--74
[]|\T1/cmr/m/n/8 ALIM-T2-

Underfull \hbox (badness 10000) in paragraph at lines 75--75
[]|\T1/cmr/m/n/8 ALIM-T2-
[3] [4] [5] [6] [7] [8] [9] [10] [11] [12] [13]
Overfull \hbox (14.43405pt too wide) in paragraph at lines 228--229
[]|\T1/cmr/m/n/8 estimado_por_referencia_manual| 

Overfull \hbox (14.43405pt too wide) in paragraph at lines 229--230
[]|\T1/cmr/m/n/8 estimado_por_referencia_manual| 

Overfull \hbox (14.43405pt too wide) in paragraph at lines 230--231
[]|\T1/cmr/m/n/8 estimado_por_referencia_manual| 

Overfull \hbox (14.43405pt too wide) in paragraph at lines 231--232
[]|\T1/cmr/m/n/8 estimado_por_referencia_manual| 

Overfull \hbox (14.43405pt too wide) in paragraph at lines 233--234
[]|\T1/cmr/m/n/8 estimado_por_referencia_manual| 

Overfull \hbox (14.43405pt too wide) in paragraph at lines 236--237
[]|\T1/cmr/m/n/8 estimado_por_referencia_manual| 

Overfull \hbox (14.43405pt too wide) in paragraph at lines 239--240
[]|\T1/cmr/m/n/8 estimado_por_referencia_manual| 

Overfull \hbox (14.43405pt too wide) in paragraph at lines 250--251
[]|\T1/cmr/m/n/8 estimado_por_referencia_manual| 
[14]) [15] (./presupuesto_final_aquiles_documento.aux) )
(see the transcript file for additional information)</usr/share/texmf-dist/font
s/type1/public/cm-super/sfbx0800.pfb></usr/share/texmf-dist/fonts/type1/public/
cm-super/sfbx1095.pfb></usr/share/texmf-dist/fonts/type1/public/cm-super/sfbx12
00.pfb></usr/share/texmf-dist/fonts/type1/public/cm-super/sfbx1440.pfb></usr/sh
are/texmf-dist/fonts/type1/public/cm-super/sfrm0800.pfb></usr/share/texmf-dist/
fonts/type1/public/cm-super/sfrm1095.pfb></usr/share/texmf-dist/fonts/type1/pub
lic/cm-super/sfrm1200.pfb></usr/share/texmf-dist/fonts/type1/public/cm-super/sf
rm1728.pfb>
Output written on presupuesto_final_aquiles_documento.pdf (15 pages, 188703 byt
es).
Transcript written on presupuesto_final_aquiles_documento.log.
